Mon Aug 22 11:25:14 2016(1652)-> ProtectionMerge: postponing merge until first XPC message for CPU boost
Tue Aug 23 11:10:02 2016(1001)-> ProtectionMerge: postponing merge until first XPC message for CPU boost
Wed Aug 24 11:08:49 2016(1890)-> ProtectionMerge: postponing merge until first XPC message for CPU boost
Fri Aug 26 10:07:23 2016(296)-> ProtectionMerge: postponing merge until first XPC message for CPU boost
Fri Aug 26 11:26:19 2016(284)-> ProtectionMerge: postponing merge until first XPC message for CPU boost
Mon Aug 29 11:28:00 2016(1197)-> ProtectionMerge: postponing merge until first XPC message for CPU boost
Mon Sep 12 11:28:29 2016(1572)-> ProtectionMerge: postponing merge until first XPC message for CPU boost
Wed Sep 21 10:06:21 2016(1843)-> ProtectionMerge: postponing merge until first XPC message for CPU boost
Fri Sep 23 10:06:09 2016(1162)-> ProtectionMerge: postponing merge until first XPC message for CPU boost
Wed Sep 28 10:06:59 2016(1483)-> ProtectionMerge: postponing merge until first XPC message for CPU boost
Fri Sep 30 10:06:59 2016(1802)-> ProtectionMerge: postponing merge until first XPC message for CPU boost
Wed Oct  5 10:06:53 2016(1040)-> ProtectionMerge: postponing merge until first XPC message for CPU boost
Fri Oct  7 10:39:26 2016(663)-> ProtectionMerge: postponing merge until first XPC message for CPU boost
Wed Oct 12 10:07:45 2016(2596)-> ProtectionMerge: postponing merge until first XPC message for CPU boost
Fri Oct 14 10:07:00 2016(508)-> ProtectionMerge: postponing merge until first XPC message for CPU boost
Mon Oct 17 11:29:22 2016(939)-> ProtectionMerge: postponing merge until first XPC message for CPU boost
Wed Oct 19 10:10:57 2016(1147)-> ProtectionMerge: postponing merge until first XPC message for CPU boost
Fri Oct 21 10:07:00 2016(1343)-> ProtectionMerge: postponing merge until first XPC message for CPU boost
Mon Oct 24 10:06:52 2016(3971)-> ProtectionMerge: postponing merge until first XPC message for CPU boost
Wed Oct 26 10:07:23 2016(1275)-> ProtectionMerge: postponing merge until first XPC message for CPU boost
Wed Nov  2 10:08:37 2016(1101)-> ProtectionMerge: postponing merge until first XPC message for CPU boost
Mon Nov  7 10:12:00 2016(2316)-> ProtectionMerge: postponing merge until first XPC message for CPU boost
Wed Nov  9 10:08:02 2016(1157)-> ProtectionMerge: postponing merge until first XPC message for CPU boost
Wed Nov  9 12:05:34 2016(1493)-> ProtectionMerge: postponing merge until first XPC message for CPU boost
Mon Nov 14 11:29:00 2016(628)-> ProtectionMerge: postponing merge until first XPC message for CPU boost
Wed Nov 16 10:08:56 2016(3559)-> ProtectionMerge: postponing merge until first XPC message for CPU boost
Fri Nov 18 10:06:46 2016(560)-> ProtectionMerge: postponing merge until first XPC message for CPU boost
Fri Nov 18 11:47:55 2016(298)-> ProtectionMerge: postponing merge until first XPC message for CPU boost
Fri Dec  2 10:05:58 2016(1316)-> ProtectionMerge: postponing merge until first XPC message for CPU boost
Mon Dec  5 10:06:21 2016(796)-> ProtectionMerge: postponing merge until first XPC message for CPU boost
Wed Dec  7 10:06:15 2016(1283)-> ProtectionMerge: postponing merge until first XPC message for CPU boost
Fri Dec  9 10:41:27 2016(1632)-> ProtectionMerge: postponing merge until first XPC message for CPU boost
Wed Dec 14 10:06:44 2016(7269)-> ProtectionMerge: postponing merge until first XPC message for CPU boost
Fri Dec 16 10:11:13 2016(1205)-> ProtectionMerge: postponing merge until first XPC message for CPU boost
Mon Dec 19 11:09:35 2016(918)-> ProtectionMerge: postponing merge until first XPC message for CPU boost
Wed Dec 21 10:06:32 2016(875)-> ProtectionMerge: postponing merge until first XPC message for CPU boost
Wed Dec 21 11:56:32 2016(468)-> ProtectionMerge: postponing merge until first XPC message for CPU boost
Wed Jan 11 10:07:40 2017(1410)-> ProtectionMerge: postponing merge until first XPC message for CPU boost
Fri Jan 13 10:06:43 2017(605)-> ProtectionMerge: postponing merge until first XPC message for CPU boost
Wed Jan 18 10:05:43 2017(633)-> ProtectionMerge: postponing merge until first XPC message for CPU boost
Mon Jan 23 10:05:46 2017(758)-> ProtectionMerge: postponing merge until first XPC message for CPU boost
Wed Jan 25 10:05:31 2017(779)-> ProtectionMerge: postponing merge until first XPC message for CPU boost
Mon Jan 30 11:28:57 2017(910)-> ProtectionMerge: postponing merge until first XPC message for CPU boost
