Mon Nov  7 10:12:04 2016	[INFO] AAMUpdatesNotifier - Build Version - 2.0.242.0
Mon Nov  7 10:12:04 2016	[INFO] AAMUpdatesNotifier - Logging Level verbosity Set  to 4
Mon Nov  7 10:12:04 2016	[INFO] AAMUpdatesNotifier - Application initialization start, Looking for command line arguments
Mon Nov  7 10:12:04 2016	[INFO] Common.CommandLineParser - Parsing the command line provided. Number of command line arguments is 1
Mon Nov  7 10:12:04 2016	[INFO] AAMUpdatesNotifier - No AAM Notifier is running so new instance is allowed to run...
Mon Nov  7 10:12:04 2016	[INFO] AAMUpdatesNotifier - Registering Notification to listen messages from another instance
Mon Nov  7 10:12:04 2016	[INFO] AAMUpdatesNotifier - Handle Relaunch Notification Action...
Mon Nov  7 10:12:13 2016	[INFO] AAMUpdatesNotifier - CFU .... StatusCode(21) ErrorCode(0)
Mon Nov  7 10:12:13 2016	[INFO] AAMUpdatesNotifier - Handle updateUI Notification Action...
Mon Nov  7 10:12:13 2016	[INFO] AAMUpdatesNotifier - inside getUpdates
Mon Nov  7 10:12:14 2016	[INFO] AAMUpdatesNotifier - All updates count 8 
Mon Nov  7 10:12:14 2016	[INFO] AAMUpdatesNotifier - All enabled updates count 9 
Mon Nov  7 10:12:14 2016	[INFO] AAMUpdatesNotifier - All filtered application count to display 7 
Mon Nov  7 10:12:14 2016	[INFO] AAMUpdatesNotifier - haveUpdatesToInstall(status) 1 numberOfApplications 7 
Wed Nov  9 10:08:06 2016	[INFO] AAMUpdatesNotifier - Build Version - 2.0.242.0
Wed Nov  9 10:08:06 2016	[INFO] AAMUpdatesNotifier - Logging Level verbosity Set  to 4
Wed Nov  9 10:08:06 2016	[INFO] AAMUpdatesNotifier - Application initialization start, Looking for command line arguments
Wed Nov  9 10:08:06 2016	[INFO] Common.CommandLineParser - Parsing the command line provided. Number of command line arguments is 1
Wed Nov  9 10:08:06 2016	[INFO] AAMUpdatesNotifier - No AAM Notifier is running so new instance is allowed to run...
Wed Nov  9 10:08:06 2016	[INFO] AAMUpdatesNotifier - Registering Notification to listen messages from another instance
Wed Nov  9 10:08:06 2016	[INFO] AAMUpdatesNotifier - Handle Relaunch Notification Action...
Wed Nov  9 10:08:10 2016	[INFO] AAMUpdatesNotifier - CFU .... StatusCode(21) ErrorCode(0)
Wed Nov  9 10:08:10 2016	[INFO] AAMUpdatesNotifier - Handle updateUI Notification Action...
Wed Nov  9 10:08:10 2016	[INFO] AAMUpdatesNotifier - inside getUpdates
Wed Nov  9 10:08:11 2016	[INFO] AAMUpdatesNotifier - All updates count 8 
Wed Nov  9 10:08:11 2016	[INFO] AAMUpdatesNotifier - All enabled updates count 9 
Wed Nov  9 10:08:11 2016	[INFO] AAMUpdatesNotifier - All filtered application count to display 7 
Wed Nov  9 10:08:11 2016	[INFO] AAMUpdatesNotifier - haveUpdatesToInstall(status) 1 numberOfApplications 7 
Mon Nov 14 11:29:41 2016	[INFO] AAMUpdatesNotifier - Build Version - 2.0.242.0
Mon Nov 14 11:29:41 2016	[INFO] AAMUpdatesNotifier - Logging Level verbosity Set  to 4
Mon Nov 14 11:29:41 2016	[INFO] AAMUpdatesNotifier - Application initialization start, Looking for command line arguments
Mon Nov 14 11:29:41 2016	[INFO] Common.CommandLineParser - Parsing the command line provided. Number of command line arguments is 1
Mon Nov 14 11:29:41 2016	[INFO] AAMUpdatesNotifier - No AAM Notifier is running so new instance is allowed to run...
Mon Nov 14 11:29:42 2016	[INFO] AAMUpdatesNotifier - Registering Notification to listen messages from another instance
Mon Nov 14 11:29:44 2016	[INFO] AAMUpdatesNotifier - Handle Relaunch Notification Action...
Mon Nov 14 11:29:54 2016	[INFO] AAMUpdatesNotifier - CFU .... StatusCode(21) ErrorCode(0)
Mon Nov 14 11:29:54 2016	[INFO] AAMUpdatesNotifier - Handle updateUI Notification Action...
Mon Nov 14 11:29:54 2016	[INFO] AAMUpdatesNotifier - inside getUpdates
Mon Nov 14 11:29:58 2016	[INFO] AAMUpdatesNotifier - All updates count 8 
Mon Nov 14 11:29:58 2016	[INFO] AAMUpdatesNotifier - All enabled updates count 9 
Mon Nov 14 11:29:58 2016	[INFO] AAMUpdatesNotifier - All filtered application count to display 7 
Mon Nov 14 11:29:58 2016	[INFO] AAMUpdatesNotifier - haveUpdatesToInstall(status) 1 numberOfApplications 7 
Wed Nov 16 10:09:43 2016	[INFO] AAMUpdatesNotifier - Build Version - 2.0.242.0
Wed Nov 16 10:09:43 2016	[INFO] AAMUpdatesNotifier - Logging Level verbosity Set  to 4
Wed Nov 16 10:09:43 2016	[INFO] AAMUpdatesNotifier - Application initialization start, Looking for command line arguments
Wed Nov 16 10:09:43 2016	[INFO] Common.CommandLineParser - Parsing the command line provided. Number of command line arguments is 1
Wed Nov 16 10:09:43 2016	[INFO] AAMUpdatesNotifier - No AAM Notifier is running so new instance is allowed to run...
Wed Nov 16 10:09:43 2016	[INFO] AAMUpdatesNotifier - Registering Notification to listen messages from another instance
Wed Nov 16 10:09:43 2016	[INFO] AAMUpdatesNotifier - Handle Relaunch Notification Action...
Wed Nov 16 10:09:44 2016	[INFO] AAMUpdatesNotifier - CFU .... StatusCode(21) ErrorCode(0)
Wed Nov 16 10:09:44 2016	[INFO] AAMUpdatesNotifier - Handle updateUI Notification Action...
Wed Nov 16 10:09:44 2016	[INFO] AAMUpdatesNotifier - inside getUpdates
Wed Nov 16 10:09:45 2016	[INFO] AAMUpdatesNotifier - All updates count 8 
Wed Nov 16 10:09:45 2016	[INFO] AAMUpdatesNotifier - All enabled updates count 9 
Wed Nov 16 10:09:45 2016	[INFO] AAMUpdatesNotifier - All filtered application count to display 7 
Wed Nov 16 10:09:45 2016	[INFO] AAMUpdatesNotifier - haveUpdatesToInstall(status) 1 numberOfApplications 7 
Fri Nov 18 10:06:58 2016	[INFO] AAMUpdatesNotifier - Build Version - 2.0.242.0
Fri Nov 18 10:06:58 2016	[INFO] AAMUpdatesNotifier - Logging Level verbosity Set  to 4
Fri Nov 18 10:06:58 2016	[INFO] AAMUpdatesNotifier - Application initialization start, Looking for command line arguments
Fri Nov 18 10:06:58 2016	[INFO] Common.CommandLineParser - Parsing the command line provided. Number of command line arguments is 1
Fri Nov 18 10:06:58 2016	[INFO] AAMUpdatesNotifier - No AAM Notifier is running so new instance is allowed to run...
Fri Nov 18 10:07:00 2016	[INFO] AAMUpdatesNotifier - Registering Notification to listen messages from another instance
Fri Nov 18 10:07:01 2016	[INFO] AAMUpdatesNotifier - Handle Relaunch Notification Action...
Fri Nov 18 10:07:06 2016	[INFO] AAMUpdatesNotifier - CFU .... StatusCode(21) ErrorCode(0)
Fri Nov 18 10:07:06 2016	[INFO] AAMUpdatesNotifier - Handle updateUI Notification Action...
Fri Nov 18 10:07:06 2016	[INFO] AAMUpdatesNotifier - inside getUpdates
Fri Nov 18 10:07:07 2016	[INFO] AAMUpdatesNotifier - All updates count 8 
Fri Nov 18 10:07:07 2016	[INFO] AAMUpdatesNotifier - All enabled updates count 9 
Fri Nov 18 10:07:07 2016	[INFO] AAMUpdatesNotifier - All filtered application count to display 7 
Fri Nov 18 10:07:07 2016	[INFO] AAMUpdatesNotifier - haveUpdatesToInstall(status) 1 numberOfApplications 7 
Mon Nov 28 11:27:52 2016	[INFO] AAMUpdatesNotifier - Build Version - 2.0.242.0
Mon Nov 28 11:27:52 2016	[INFO] AAMUpdatesNotifier - Logging Level verbosity Set  to 4
Mon Nov 28 11:27:52 2016	[INFO] AAMUpdatesNotifier - Application initialization start, Looking for command line arguments
Mon Nov 28 11:27:52 2016	[INFO] Common.CommandLineParser - Parsing the command line provided. Number of command line arguments is 1
Mon Nov 28 11:27:52 2016	[INFO] AAMUpdatesNotifier - No AAM Notifier is running so new instance is allowed to run...
Mon Nov 28 11:27:53 2016	[INFO] AAMUpdatesNotifier - Registering Notification to listen messages from another instance
Mon Nov 28 11:27:54 2016	[INFO] AAMUpdatesNotifier - Handle Relaunch Notification Action...
Mon Nov 28 11:27:59 2016	[INFO] AAMUpdatesNotifier - CFU .... StatusCode(21) ErrorCode(0)
Mon Nov 28 11:27:59 2016	[INFO] AAMUpdatesNotifier - Handle updateUI Notification Action...
Mon Nov 28 11:27:59 2016	[INFO] AAMUpdatesNotifier - inside getUpdates
Mon Nov 28 11:28:05 2016	[INFO] AAMUpdatesNotifier - All updates count 8 
Mon Nov 28 11:28:05 2016	[INFO] AAMUpdatesNotifier - All enabled updates count 9 
Mon Nov 28 11:28:05 2016	[INFO] AAMUpdatesNotifier - All filtered application count to display 7 
Mon Nov 28 11:28:05 2016	[INFO] AAMUpdatesNotifier - haveUpdatesToInstall(status) 1 numberOfApplications 7 
Wed Nov 30 10:05:57 2016	[INFO] AAMUpdatesNotifier - Build Version - 2.0.242.0
Wed Nov 30 10:05:57 2016	[INFO] AAMUpdatesNotifier - Logging Level verbosity Set  to 4
Wed Nov 30 10:05:57 2016	[INFO] AAMUpdatesNotifier - Application initialization start, Looking for command line arguments
Wed Nov 30 10:05:57 2016	[INFO] Common.CommandLineParser - Parsing the command line provided. Number of command line arguments is 1
Wed Nov 30 10:05:57 2016	[INFO] AAMUpdatesNotifier - No AAM Notifier is running so new instance is allowed to run...
Wed Nov 30 10:05:57 2016	[INFO] AAMUpdatesNotifier - Registering Notification to listen messages from another instance
Wed Nov 30 10:05:57 2016	[INFO] AAMUpdatesNotifier - Handle Relaunch Notification Action...
Wed Nov 30 10:05:59 2016	[INFO] AAMUpdatesNotifier - CFU .... StatusCode(21) ErrorCode(0)
Wed Nov 30 10:05:59 2016	[INFO] AAMUpdatesNotifier - Handle updateUI Notification Action...
Wed Nov 30 10:05:59 2016	[INFO] AAMUpdatesNotifier - inside getUpdates
Wed Nov 30 10:06:00 2016	[INFO] AAMUpdatesNotifier - All updates count 8 
Wed Nov 30 10:06:00 2016	[INFO] AAMUpdatesNotifier - All enabled updates count 9 
Wed Nov 30 10:06:00 2016	[INFO] AAMUpdatesNotifier - All filtered application count to display 7 
Wed Nov 30 10:06:00 2016	[INFO] AAMUpdatesNotifier - haveUpdatesToInstall(status) 1 numberOfApplications 7 
Fri Dec  2 10:05:59 2016	[INFO] AAMUpdatesNotifier - Build Version - 2.0.242.0
Fri Dec  2 10:05:59 2016	[INFO] AAMUpdatesNotifier - Logging Level verbosity Set  to 4
Fri Dec  2 10:05:59 2016	[INFO] AAMUpdatesNotifier - Application initialization start, Looking for command line arguments
Fri Dec  2 10:05:59 2016	[INFO] Common.CommandLineParser - Parsing the command line provided. Number of command line arguments is 1
Fri Dec  2 10:05:59 2016	[INFO] AAMUpdatesNotifier - No AAM Notifier is running so new instance is allowed to run...
Fri Dec  2 10:05:59 2016	[INFO] AAMUpdatesNotifier - Registering Notification to listen messages from another instance
Fri Dec  2 10:05:59 2016	[INFO] AAMUpdatesNotifier - Handle Relaunch Notification Action...
Fri Dec  2 10:06:04 2016	[INFO] AAMUpdatesNotifier - CFU .... StatusCode(21) ErrorCode(0)
Fri Dec  2 10:06:04 2016	[INFO] AAMUpdatesNotifier - Handle updateUI Notification Action...
Fri Dec  2 10:06:04 2016	[INFO] AAMUpdatesNotifier - inside getUpdates
Fri Dec  2 10:06:05 2016	[INFO] AAMUpdatesNotifier - All updates count 8 
Fri Dec  2 10:06:05 2016	[INFO] AAMUpdatesNotifier - All enabled updates count 9 
Fri Dec  2 10:06:05 2016	[INFO] AAMUpdatesNotifier - All filtered application count to display 7 
Fri Dec  2 10:06:05 2016	[INFO] AAMUpdatesNotifier - haveUpdatesToInstall(status) 1 numberOfApplications 7 
Mon Dec  5 10:06:24 2016	[INFO] AAMUpdatesNotifier - Build Version - 2.0.242.0
Mon Dec  5 10:06:24 2016	[INFO] AAMUpdatesNotifier - Logging Level verbosity Set  to 4
Mon Dec  5 10:06:24 2016	[INFO] AAMUpdatesNotifier - Application initialization start, Looking for command line arguments
Mon Dec  5 10:06:24 2016	[INFO] Common.CommandLineParser - Parsing the command line provided. Number of command line arguments is 1
Mon Dec  5 10:06:24 2016	[INFO] AAMUpdatesNotifier - No AAM Notifier is running so new instance is allowed to run...
Mon Dec  5 10:06:24 2016	[INFO] AAMUpdatesNotifier - Registering Notification to listen messages from another instance
Mon Dec  5 10:06:25 2016	[INFO] AAMUpdatesNotifier - Handle Relaunch Notification Action...
Mon Dec  5 10:06:27 2016	[INFO] AAMUpdatesNotifier - CFU .... StatusCode(21) ErrorCode(0)
Mon Dec  5 10:06:27 2016	[INFO] AAMUpdatesNotifier - Handle updateUI Notification Action...
Mon Dec  5 10:06:27 2016	[INFO] AAMUpdatesNotifier - inside getUpdates
Mon Dec  5 10:06:28 2016	[INFO] AAMUpdatesNotifier - All updates count 8 
Mon Dec  5 10:06:28 2016	[INFO] AAMUpdatesNotifier - All enabled updates count 9 
Mon Dec  5 10:06:28 2016	[INFO] AAMUpdatesNotifier - All filtered application count to display 7 
Mon Dec  5 10:06:28 2016	[INFO] AAMUpdatesNotifier - haveUpdatesToInstall(status) 1 numberOfApplications 7 
Wed Dec  7 10:06:18 2016	[INFO] AAMUpdatesNotifier - Build Version - 2.0.242.0
Wed Dec  7 10:06:18 2016	[INFO] AAMUpdatesNotifier - Logging Level verbosity Set  to 4
Wed Dec  7 10:06:18 2016	[INFO] AAMUpdatesNotifier - Application initialization start, Looking for command line arguments
Wed Dec  7 10:06:18 2016	[INFO] Common.CommandLineParser - Parsing the command line provided. Number of command line arguments is 1
Wed Dec  7 10:06:18 2016	[INFO] AAMUpdatesNotifier - No AAM Notifier is running so new instance is allowed to run...
Wed Dec  7 10:06:18 2016	[INFO] AAMUpdatesNotifier - Registering Notification to listen messages from another instance
Wed Dec  7 10:06:18 2016	[INFO] AAMUpdatesNotifier - Handle Relaunch Notification Action...
Wed Dec  7 10:06:22 2016	[INFO] AAMUpdatesNotifier - CFU .... StatusCode(21) ErrorCode(0)
Wed Dec  7 10:06:22 2016	[INFO] AAMUpdatesNotifier - Handle updateUI Notification Action...
Wed Dec  7 10:06:22 2016	[INFO] AAMUpdatesNotifier - inside getUpdates
Wed Dec  7 10:06:23 2016	[INFO] AAMUpdatesNotifier - All updates count 8 
Wed Dec  7 10:06:23 2016	[INFO] AAMUpdatesNotifier - All enabled updates count 9 
Wed Dec  7 10:06:23 2016	[INFO] AAMUpdatesNotifier - All filtered application count to display 7 
Wed Dec  7 10:06:23 2016	[INFO] AAMUpdatesNotifier - haveUpdatesToInstall(status) 1 numberOfApplications 7 
Fri Dec  9 10:41:27 2016	[INFO] AAMUpdatesNotifier - Build Version - 2.0.242.0
Fri Dec  9 10:41:27 2016	[INFO] AAMUpdatesNotifier - Logging Level verbosity Set  to 4
Fri Dec  9 10:41:27 2016	[INFO] AAMUpdatesNotifier - Application initialization start, Looking for command line arguments
Fri Dec  9 10:41:27 2016	[INFO] Common.CommandLineParser - Parsing the command line provided. Number of command line arguments is 1
Fri Dec  9 10:41:27 2016	[INFO] AAMUpdatesNotifier - No AAM Notifier is running so new instance is allowed to run...
Fri Dec  9 10:41:28 2016	[INFO] AAMUpdatesNotifier - Registering Notification to listen messages from another instance
Fri Dec  9 10:41:28 2016	[INFO] AAMUpdatesNotifier - Handle Relaunch Notification Action...
Fri Dec  9 10:41:31 2016	[INFO] AAMUpdatesNotifier - CFU .... StatusCode(21) ErrorCode(0)
Fri Dec  9 10:41:31 2016	[INFO] AAMUpdatesNotifier - Handle updateUI Notification Action...
Fri Dec  9 10:41:31 2016	[INFO] AAMUpdatesNotifier - inside getUpdates
Fri Dec  9 10:41:32 2016	[INFO] AAMUpdatesNotifier - All updates count 8 
Fri Dec  9 10:41:32 2016	[INFO] AAMUpdatesNotifier - All enabled updates count 9 
Fri Dec  9 10:41:32 2016	[INFO] AAMUpdatesNotifier - All filtered application count to display 7 
Fri Dec  9 10:41:32 2016	[INFO] AAMUpdatesNotifier - haveUpdatesToInstall(status) 1 numberOfApplications 7 
Wed Dec 14 10:06:46 2016	[INFO] AAMUpdatesNotifier - Build Version - 2.0.242.0
Wed Dec 14 10:06:46 2016	[INFO] AAMUpdatesNotifier - Logging Level verbosity Set  to 4
Wed Dec 14 10:06:46 2016	[INFO] AAMUpdatesNotifier - Application initialization start, Looking for command line arguments
Wed Dec 14 10:06:46 2016	[INFO] Common.CommandLineParser - Parsing the command line provided. Number of command line arguments is 1
Wed Dec 14 10:06:46 2016	[INFO] AAMUpdatesNotifier - No AAM Notifier is running so new instance is allowed to run...
Wed Dec 14 10:06:47 2016	[INFO] AAMUpdatesNotifier - Registering Notification to listen messages from another instance
Wed Dec 14 10:06:47 2016	[INFO] AAMUpdatesNotifier - Handle Relaunch Notification Action...
Wed Dec 14 10:06:51 2016	[INFO] AAMUpdatesNotifier - CFU .... StatusCode(21) ErrorCode(0)
Wed Dec 14 10:06:51 2016	[INFO] AAMUpdatesNotifier - Handle updateUI Notification Action...
Wed Dec 14 10:06:51 2016	[INFO] AAMUpdatesNotifier - inside getUpdates
Wed Dec 14 10:06:59 2016	[INFO] AAMUpdatesNotifier - All updates count 8 
Wed Dec 14 10:06:59 2016	[INFO] AAMUpdatesNotifier - All enabled updates count 9 
Wed Dec 14 10:06:59 2016	[INFO] AAMUpdatesNotifier - All filtered application count to display 7 
Wed Dec 14 10:06:59 2016	[INFO] AAMUpdatesNotifier - haveUpdatesToInstall(status) 1 numberOfApplications 7 
Fri Dec 16 10:11:16 2016	[INFO] AAMUpdatesNotifier - Build Version - 2.0.242.0
Fri Dec 16 10:11:16 2016	[INFO] AAMUpdatesNotifier - Logging Level verbosity Set  to 4
Fri Dec 16 10:11:16 2016	[INFO] AAMUpdatesNotifier - Application initialization start, Looking for command line arguments
Fri Dec 16 10:11:16 2016	[INFO] Common.CommandLineParser - Parsing the command line provided. Number of command line arguments is 1
Fri Dec 16 10:11:16 2016	[INFO] AAMUpdatesNotifier - No AAM Notifier is running so new instance is allowed to run...
Fri Dec 16 10:11:16 2016	[INFO] AAMUpdatesNotifier - Registering Notification to listen messages from another instance
Fri Dec 16 10:11:16 2016	[INFO] AAMUpdatesNotifier - Handle Relaunch Notification Action...
Fri Dec 16 10:11:21 2016	[INFO] AAMUpdatesNotifier - CFU .... StatusCode(21) ErrorCode(0)
Fri Dec 16 10:11:21 2016	[INFO] AAMUpdatesNotifier - Handle updateUI Notification Action...
Fri Dec 16 10:11:21 2016	[INFO] AAMUpdatesNotifier - inside getUpdates
Fri Dec 16 10:11:22 2016	[INFO] AAMUpdatesNotifier - All updates count 8 
Fri Dec 16 10:11:22 2016	[INFO] AAMUpdatesNotifier - All enabled updates count 9 
Fri Dec 16 10:11:22 2016	[INFO] AAMUpdatesNotifier - All filtered application count to display 7 
Fri Dec 16 10:11:22 2016	[INFO] AAMUpdatesNotifier - haveUpdatesToInstall(status) 1 numberOfApplications 7 
Mon Dec 19 11:09:38 2016	[INFO] AAMUpdatesNotifier - Build Version - 2.0.242.0
Mon Dec 19 11:09:39 2016	[INFO] AAMUpdatesNotifier - Logging Level verbosity Set  to 4
Mon Dec 19 11:09:39 2016	[INFO] AAMUpdatesNotifier - Application initialization start, Looking for command line arguments
Mon Dec 19 11:09:39 2016	[INFO] Common.CommandLineParser - Parsing the command line provided. Number of command line arguments is 1
Mon Dec 19 11:09:39 2016	[INFO] AAMUpdatesNotifier - No AAM Notifier is running so new instance is allowed to run...
Mon Dec 19 11:09:39 2016	[INFO] AAMUpdatesNotifier - Registering Notification to listen messages from another instance
Mon Dec 19 11:09:39 2016	[INFO] AAMUpdatesNotifier - Handle Relaunch Notification Action...
Mon Dec 19 11:09:41 2016	[INFO] AAMUpdatesNotifier - CFU .... StatusCode(21) ErrorCode(0)
Mon Dec 19 11:09:41 2016	[INFO] AAMUpdatesNotifier - Handle updateUI Notification Action...
Mon Dec 19 11:09:41 2016	[INFO] AAMUpdatesNotifier - inside getUpdates
Mon Dec 19 11:09:41 2016	[INFO] AAMUpdatesNotifier - All updates count 8 
Mon Dec 19 11:09:41 2016	[INFO] AAMUpdatesNotifier - All enabled updates count 9 
Mon Dec 19 11:09:41 2016	[INFO] AAMUpdatesNotifier - All filtered application count to display 7 
Mon Dec 19 11:09:41 2016	[INFO] AAMUpdatesNotifier - haveUpdatesToInstall(status) 1 numberOfApplications 7 
Wed Dec 21 10:06:35 2016	[INFO] AAMUpdatesNotifier - Build Version - 2.0.242.0
Wed Dec 21 10:06:35 2016	[INFO] AAMUpdatesNotifier - Logging Level verbosity Set  to 4
Wed Dec 21 10:06:35 2016	[INFO] AAMUpdatesNotifier - Application initialization start, Looking for command line arguments
Wed Dec 21 10:06:35 2016	[INFO] Common.CommandLineParser - Parsing the command line provided. Number of command line arguments is 1
Wed Dec 21 10:06:35 2016	[INFO] AAMUpdatesNotifier - No AAM Notifier is running so new instance is allowed to run...
Wed Dec 21 10:06:35 2016	[INFO] AAMUpdatesNotifier - Registering Notification to listen messages from another instance
Wed Dec 21 10:06:35 2016	[INFO] AAMUpdatesNotifier - Handle Relaunch Notification Action...
Wed Dec 21 10:06:41 2016	[INFO] AAMUpdatesNotifier - CFU .... StatusCode(21) ErrorCode(0)
Wed Dec 21 10:06:41 2016	[INFO] AAMUpdatesNotifier - Handle updateUI Notification Action...
Wed Dec 21 10:06:41 2016	[INFO] AAMUpdatesNotifier - inside getUpdates
Wed Dec 21 10:06:41 2016	[INFO] AAMUpdatesNotifier - All updates count 8 
Wed Dec 21 10:06:41 2016	[INFO] AAMUpdatesNotifier - All enabled updates count 9 
Wed Dec 21 10:06:41 2016	[INFO] AAMUpdatesNotifier - All filtered application count to display 7 
Wed Dec 21 10:06:41 2016	[INFO] AAMUpdatesNotifier - haveUpdatesToInstall(status) 1 numberOfApplications 7 
Wed Jan 11 10:07:41 2017	[INFO] AAMUpdatesNotifier - Build Version - 2.0.242.0
Wed Jan 11 10:07:42 2017	[INFO] AAMUpdatesNotifier - Logging Level verbosity Set  to 4
Wed Jan 11 10:07:42 2017	[INFO] AAMUpdatesNotifier - Application initialization start, Looking for command line arguments
Wed Jan 11 10:07:42 2017	[INFO] Common.CommandLineParser - Parsing the command line provided. Number of command line arguments is 1
Wed Jan 11 10:07:42 2017	[INFO] AAMUpdatesNotifier - No AAM Notifier is running so new instance is allowed to run...
Wed Jan 11 10:07:42 2017	[INFO] AAMUpdatesNotifier - Registering Notification to listen messages from another instance
Wed Jan 11 10:07:42 2017	[INFO] AAMUpdatesNotifier - Handle Relaunch Notification Action...
Wed Jan 11 10:07:45 2017	[INFO] AAMUpdatesNotifier - CFU .... StatusCode(21) ErrorCode(0)
Wed Jan 11 10:07:45 2017	[INFO] AAMUpdatesNotifier - Handle updateUI Notification Action...
Wed Jan 11 10:07:45 2017	[INFO] AAMUpdatesNotifier - inside getUpdates
Wed Jan 11 10:07:46 2017	[INFO] AAMUpdatesNotifier - All updates count 8 
Wed Jan 11 10:07:46 2017	[INFO] AAMUpdatesNotifier - All enabled updates count 9 
Wed Jan 11 10:07:46 2017	[INFO] AAMUpdatesNotifier - All filtered application count to display 7 
Wed Jan 11 10:07:46 2017	[INFO] AAMUpdatesNotifier - haveUpdatesToInstall(status) 1 numberOfApplications 7 
Fri Jan 13 10:07:02 2017	[INFO] AAMUpdatesNotifier - Build Version - 2.0.242.0
Fri Jan 13 10:07:02 2017	[INFO] AAMUpdatesNotifier - Logging Level verbosity Set  to 4
Fri Jan 13 10:07:02 2017	[INFO] AAMUpdatesNotifier - Application initialization start, Looking for command line arguments
Fri Jan 13 10:07:02 2017	[INFO] Common.CommandLineParser - Parsing the command line provided. Number of command line arguments is 1
Fri Jan 13 10:07:02 2017	[INFO] AAMUpdatesNotifier - No AAM Notifier is running so new instance is allowed to run...
Fri Jan 13 10:07:05 2017	[INFO] AAMUpdatesNotifier - Registering Notification to listen messages from another instance
Fri Jan 13 10:07:07 2017	[INFO] AAMUpdatesNotifier - Handle Relaunch Notification Action...
Fri Jan 13 10:07:17 2017	[INFO] AAMUpdatesNotifier - CFU .... StatusCode(21) ErrorCode(0)
Fri Jan 13 10:07:17 2017	[INFO] AAMUpdatesNotifier - Handle updateUI Notification Action...
Fri Jan 13 10:07:17 2017	[INFO] AAMUpdatesNotifier - inside getUpdates
Fri Jan 13 10:07:22 2017	[INFO] AAMUpdatesNotifier - All updates count 8 
Fri Jan 13 10:07:22 2017	[INFO] AAMUpdatesNotifier - All enabled updates count 9 
Fri Jan 13 10:07:22 2017	[INFO] AAMUpdatesNotifier - All filtered application count to display 7 
Fri Jan 13 10:07:22 2017	[INFO] AAMUpdatesNotifier - haveUpdatesToInstall(status) 1 numberOfApplications 7 
Wed Jan 18 10:05:44 2017	[INFO] AAMUpdatesNotifier - Build Version - 2.0.242.0
Wed Jan 18 10:05:44 2017	[INFO] AAMUpdatesNotifier - Logging Level verbosity Set  to 4
Wed Jan 18 10:05:44 2017	[INFO] AAMUpdatesNotifier - Application initialization start, Looking for command line arguments
Wed Jan 18 10:05:44 2017	[INFO] Common.CommandLineParser - Parsing the command line provided. Number of command line arguments is 1
Wed Jan 18 10:05:44 2017	[INFO] AAMUpdatesNotifier - No AAM Notifier is running so new instance is allowed to run...
Wed Jan 18 10:05:44 2017	[INFO] AAMUpdatesNotifier - Registering Notification to listen messages from another instance
Wed Jan 18 10:05:44 2017	[INFO] AAMUpdatesNotifier - Handle Relaunch Notification Action...
Wed Jan 18 10:05:48 2017	[INFO] AAMUpdatesNotifier - CFU .... StatusCode(21) ErrorCode(0)
Wed Jan 18 10:05:48 2017	[INFO] AAMUpdatesNotifier - Handle updateUI Notification Action...
Wed Jan 18 10:05:48 2017	[INFO] AAMUpdatesNotifier - inside getUpdates
Wed Jan 18 10:05:49 2017	[INFO] AAMUpdatesNotifier - All updates count 8 
Wed Jan 18 10:05:49 2017	[INFO] AAMUpdatesNotifier - All enabled updates count 9 
Wed Jan 18 10:05:49 2017	[INFO] AAMUpdatesNotifier - All filtered application count to display 7 
Wed Jan 18 10:05:49 2017	[INFO] AAMUpdatesNotifier - haveUpdatesToInstall(status) 1 numberOfApplications 7 
Thu Jan 19 11:10:28 2017	[INFO] AAMUpdatesNotifier - Build Version - 2.0.242.0
Thu Jan 19 11:10:28 2017	[INFO] AAMUpdatesNotifier - Logging Level verbosity Set  to 4
Thu Jan 19 11:10:28 2017	[INFO] AAMUpdatesNotifier - Application initialization start, Looking for command line arguments
Thu Jan 19 11:10:28 2017	[INFO] Common.CommandLineParser - Parsing the command line provided. Number of command line arguments is 1
Thu Jan 19 11:10:28 2017	[INFO] AAMUpdatesNotifier - No AAM Notifier is running so new instance is allowed to run...
Thu Jan 19 11:10:28 2017	[INFO] AAMUpdatesNotifier - Registering Notification to listen messages from another instance
Thu Jan 19 11:10:28 2017	[INFO] AAMUpdatesNotifier - Handle Relaunch Notification Action...
Thu Jan 19 11:10:28 2017	[INFO] AAMUpdatesNotifier - CFU .... StatusCode(21) ErrorCode(0)
Thu Jan 19 11:10:28 2017	[INFO] AAMUpdatesNotifier - Handle updateUI Notification Action...
Thu Jan 19 11:10:28 2017	[INFO] AAMUpdatesNotifier - inside getUpdates
Thu Jan 19 11:10:29 2017	[INFO] AAMUpdatesNotifier - All updates count 8 
Thu Jan 19 11:10:29 2017	[INFO] AAMUpdatesNotifier - All enabled updates count 9 
Thu Jan 19 11:10:29 2017	[INFO] AAMUpdatesNotifier - All filtered application count to display 7 
Thu Jan 19 11:10:29 2017	[INFO] AAMUpdatesNotifier - haveUpdatesToInstall(status) 1 numberOfApplications 7 
Fri Jan 20 10:55:11 2017	[INFO] AAMUpdatesNotifier - Build Version - 2.0.242.0
Fri Jan 20 10:55:11 2017	[INFO] AAMUpdatesNotifier - Logging Level verbosity Set  to 4
Fri Jan 20 10:55:11 2017	[INFO] AAMUpdatesNotifier - Application initialization start, Looking for command line arguments
Fri Jan 20 10:55:11 2017	[INFO] Common.CommandLineParser - Parsing the command line provided. Number of command line arguments is 1
Fri Jan 20 10:55:11 2017	[INFO] AAMUpdatesNotifier - No AAM Notifier is running so new instance is allowed to run...
Fri Jan 20 10:55:11 2017	[INFO] AAMUpdatesNotifier - Registering Notification to listen messages from another instance
Fri Jan 20 10:55:11 2017	[INFO] AAMUpdatesNotifier - Handle Relaunch Notification Action...
Fri Jan 20 10:55:12 2017	[INFO] AAMUpdatesNotifier - CFU .... StatusCode(21) ErrorCode(0)
Fri Jan 20 10:55:12 2017	[INFO] AAMUpdatesNotifier - Handle updateUI Notification Action...
Fri Jan 20 10:55:12 2017	[INFO] AAMUpdatesNotifier - inside getUpdates
Fri Jan 20 10:55:13 2017	[INFO] AAMUpdatesNotifier - All updates count 8 
Fri Jan 20 10:55:13 2017	[INFO] AAMUpdatesNotifier - All enabled updates count 9 
Fri Jan 20 10:55:13 2017	[INFO] AAMUpdatesNotifier - All filtered application count to display 7 
Fri Jan 20 10:55:13 2017	[INFO] AAMUpdatesNotifier - haveUpdatesToInstall(status) 1 numberOfApplications 7 
Mon Jan 23 10:05:52 2017	[INFO] AAMUpdatesNotifier - Build Version - 2.0.242.0
Mon Jan 23 10:05:52 2017	[INFO] AAMUpdatesNotifier - Logging Level verbosity Set  to 4
Mon Jan 23 10:05:52 2017	[INFO] AAMUpdatesNotifier - Application initialization start, Looking for command line arguments
Mon Jan 23 10:05:52 2017	[INFO] Common.CommandLineParser - Parsing the command line provided. Number of command line arguments is 1
Mon Jan 23 10:05:52 2017	[INFO] AAMUpdatesNotifier - No AAM Notifier is running so new instance is allowed to run...
Mon Jan 23 10:05:53 2017	[INFO] AAMUpdatesNotifier - Registering Notification to listen messages from another instance
Mon Jan 23 10:05:53 2017	[INFO] AAMUpdatesNotifier - Handle Relaunch Notification Action...
Mon Jan 23 10:05:57 2017	[INFO] AAMUpdatesNotifier - CFU .... StatusCode(21) ErrorCode(0)
Mon Jan 23 10:05:57 2017	[INFO] AAMUpdatesNotifier - Handle updateUI Notification Action...
Mon Jan 23 10:05:57 2017	[INFO] AAMUpdatesNotifier - inside getUpdates
Mon Jan 23 10:06:00 2017	[INFO] AAMUpdatesNotifier - All updates count 8 
Mon Jan 23 10:06:00 2017	[INFO] AAMUpdatesNotifier - All enabled updates count 9 
Mon Jan 23 10:06:00 2017	[INFO] AAMUpdatesNotifier - All filtered application count to display 7 
Mon Jan 23 10:06:00 2017	[INFO] AAMUpdatesNotifier - haveUpdatesToInstall(status) 1 numberOfApplications 7 
Wed Jan 25 10:05:34 2017	[INFO] AAMUpdatesNotifier - Build Version - 2.0.242.0
Wed Jan 25 10:05:34 2017	[INFO] AAMUpdatesNotifier - Logging Level verbosity Set  to 4
Wed Jan 25 10:05:34 2017	[INFO] AAMUpdatesNotifier - Application initialization start, Looking for command line arguments
Wed Jan 25 10:05:34 2017	[INFO] Common.CommandLineParser - Parsing the command line provided. Number of command line arguments is 1
Wed Jan 25 10:05:34 2017	[INFO] AAMUpdatesNotifier - No AAM Notifier is running so new instance is allowed to run...
Wed Jan 25 10:05:35 2017	[INFO] AAMUpdatesNotifier - Registering Notification to listen messages from another instance
Wed Jan 25 10:05:35 2017	[INFO] AAMUpdatesNotifier - Handle Relaunch Notification Action...
Wed Jan 25 10:05:40 2017	[INFO] AAMUpdatesNotifier - CFU .... StatusCode(21) ErrorCode(0)
Wed Jan 25 10:05:40 2017	[INFO] AAMUpdatesNotifier - Handle updateUI Notification Action...
Wed Jan 25 10:05:40 2017	[INFO] AAMUpdatesNotifier - inside getUpdates
Wed Jan 25 10:05:40 2017	[INFO] AAMUpdatesNotifier - All updates count 8 
Wed Jan 25 10:05:40 2017	[INFO] AAMUpdatesNotifier - All enabled updates count 9 
Wed Jan 25 10:05:40 2017	[INFO] AAMUpdatesNotifier - All filtered application count to display 7 
Wed Jan 25 10:05:40 2017	[INFO] AAMUpdatesNotifier - haveUpdatesToInstall(status) 1 numberOfApplications 7 
Mon Jan 30 11:29:01 2017	[INFO] AAMUpdatesNotifier - Build Version - 2.0.242.0
Mon Jan 30 11:29:01 2017	[INFO] AAMUpdatesNotifier - Logging Level verbosity Set  to 4
Mon Jan 30 11:29:01 2017	[INFO] AAMUpdatesNotifier - Application initialization start, Looking for command line arguments
Mon Jan 30 11:29:01 2017	[INFO] Common.CommandLineParser - Parsing the command line provided. Number of command line arguments is 1
Mon Jan 30 11:29:01 2017	[INFO] AAMUpdatesNotifier - No AAM Notifier is running so new instance is allowed to run...
Mon Jan 30 11:29:01 2017	[INFO] AAMUpdatesNotifier - Registering Notification to listen messages from another instance
Mon Jan 30 11:29:01 2017	[INFO] AAMUpdatesNotifier - Handle Relaunch Notification Action...
Mon Jan 30 11:29:04 2017	[INFO] AAMUpdatesNotifier - CFU .... StatusCode(21) ErrorCode(0)
Mon Jan 30 11:29:04 2017	[INFO] AAMUpdatesNotifier - Handle updateUI Notification Action...
Mon Jan 30 11:29:04 2017	[INFO] AAMUpdatesNotifier - inside getUpdates
Mon Jan 30 11:29:05 2017	[INFO] AAMUpdatesNotifier - All updates count 8 
Mon Jan 30 11:29:05 2017	[INFO] AAMUpdatesNotifier - All enabled updates count 9 
Mon Jan 30 11:29:05 2017	[INFO] AAMUpdatesNotifier - All filtered application count to display 7 
Mon Jan 30 11:29:05 2017	[INFO] AAMUpdatesNotifier - haveUpdatesToInstall(status) 1 numberOfApplications 7 
Wed Feb  1 10:06:17 2017	[INFO] AAMUpdatesNotifier - Build Version - 2.0.242.0
Wed Feb  1 10:06:17 2017	[INFO] AAMUpdatesNotifier - Logging Level verbosity Set  to 4
Wed Feb  1 10:06:17 2017	[INFO] AAMUpdatesNotifier - Application initialization start, Looking for command line arguments
Wed Feb  1 10:06:17 2017	[INFO] Common.CommandLineParser - Parsing the command line provided. Number of command line arguments is 1
Wed Feb  1 10:06:17 2017	[INFO] AAMUpdatesNotifier - No AAM Notifier is running so new instance is allowed to run...
Wed Feb  1 10:06:17 2017	[INFO] AAMUpdatesNotifier - Registering Notification to listen messages from another instance
Wed Feb  1 10:06:17 2017	[INFO] AAMUpdatesNotifier - Handle Relaunch Notification Action...
Wed Feb  1 10:06:20 2017	[INFO] AAMUpdatesNotifier - CFU .... StatusCode(21) ErrorCode(0)
Wed Feb  1 10:06:20 2017	[INFO] AAMUpdatesNotifier - Handle updateUI Notification Action...
Wed Feb  1 10:06:20 2017	[INFO] AAMUpdatesNotifier - inside getUpdates
Wed Feb  1 10:06:20 2017	[INFO] AAMUpdatesNotifier - All updates count 8 
Wed Feb  1 10:06:20 2017	[INFO] AAMUpdatesNotifier - All enabled updates count 9 
Wed Feb  1 10:06:20 2017	[INFO] AAMUpdatesNotifier - All filtered application count to display 7 
Wed Feb  1 10:06:20 2017	[INFO] AAMUpdatesNotifier - haveUpdatesToInstall(status) 1 numberOfApplications 7 
