erePro-7.0.0-Trial/7.2
2016-11-07T18:12:10: Revoking update:  = REVOKE/ALL/AdobeDigitalPublishingCC-2.0/28.0.0
2016-11-07T18:12:10: Revoking update:  = REVOKE/ALL/AdobeDigitalPublishingCS6-2.0/28.0.0
2016-11-07T18:12:10: Revoking update:  = REVOKE/ALL/AdobePhotoshopCCSupport-14.0/14.1.2
2016-11-07T18:12:10: Revoking update:  = REVOKE/ALL/AdobeIllustrator17-mul/17.2
2016-11-07T18:12:10: Revoking update:  = REVOKE/ALL/AdobeInCopyCC-9.0/9.1.0.032
2016-11-07T18:12:10: Revoking update:  = REVOKE/ALL/AdobeInDesignCC-9.0/9.1.0.033
2016-11-07T18:12:10: Revoking update:  = REVOKE/ALL/AdobeAfterEffects-12.0.0/12.2
2016-11-07T18:12:10: Revoking update:  = REVOKE/ALL/AdobePhotoshopCCSupport-14.0/14.2
2016-11-07T18:12:10: Revoking update:  = REVOKE/ALL/AdobeDigitalPublishingCC-2.0/29.0.0
2016-11-07T18:12:10: Revoking update:  = REVOKE/ALL/AdobeDigitalPublishingCS6-2.0/29.0.0
2016-11-07T18:12:10: Revoking update:  = REVOKE/ALL/AdobeDigitalPublishingCS6-2.0/30.0.0
2016-11-07T18:12:10: Revoking update:  = REVOKE/ALL/AdobeDigitalPublishingCC-2.0/30.0.0
2016-11-07T18:12:10: Revoking update:  = REVOKE/ALL/AdobeInDesignCC-9.0/9.2.0.069
2016-11-07T18:12:10: Revoking update:  = REVOKE/ALL/AdobeDirector12_en/12.0.3
2016-11-07T18:12:10: Revoking update:  = REVOKE/ALL/AdobeDirector12_jp/12.0.3
2016-11-07T18:12:10: Revoking update:  = REVOKE/ALL/AdobeDirector12_fr/12.0.3
2016-11-07T18:12:10: Revoking update:  = REVOKE/ALL/AdobeDirector12_de/12.0.3
2016-11-07T18:12:10: Revoking update:  = REVOKE/ALL/AdobeSpeedGrade-7.0.0-Trial/7.2
2016-11-07T18:12:10: Revoking update:  = REVOKE/ALL/AdobeDrive5-5.0.0/5.0.1
2016-11-07T18:12:10: Revoking update:  = REVOKE/ALL/AdobePremierePro-7.0.0-Trial/7.2.1
2016-11-07T18:12:10: Revoking update:  = REVOKE/ALL/AdobeMediaEncoderX64-7/7.2
2016-11-07T18:12:10: Revoking update:  = REVOKE/ALL/PhotoshopCameraRaw8-8.0/8.3.52
2016-11-07T18:12:10: Revoking update:  = REVOKE/ALL/PhotoshopCameraRaw7-7.0/8.3.52
2016-11-07T18:12:10: Revoking update:  = REVOKE/ALL/PhotoshopCameraRawForElements12-8.0/8.3.52
2016-11-07T18:12:10: Revoking update:  = REVOKE/ALL/PhotoshopCameraRaw8-8.0/8.4.76
2016-11-07T18:12:10: Revoking update:  = REVOKE/ALL/AdobeDigitalPublishingCC-2.0/30.0.1
2016-11-07T18:12:10: Revoking update:  = REVOKE/ALL/AdobeDigitalPublishingCS6-2.0/30.0.1
2016-11-07T18:12:10: Revoking update:  = REVOKE/ALL/AdobeInDesignCC-9.0/9.2.1.101
2016-11-07T18:12:10: Revoking update:  = REVOKE/ALL/AdobeInCopyCC-9.0/9.2.0.069
2016-11-07T18:12:10: Revoking update:  = REVOKE/ALL/PhotoshopCameraRaw8-8.0/8.4.79
2016-11-07T18:12:10: Revoking update:  = REVOKE/ALL/PhotoshopCameraRaw7-7.0/8.4.76
2016-11-07T18:12:10: Revoking update:  = REVOKE/ALL/AdobeBridgeCC-6.0/6.0.1
2016-11-07T18:12:10: Revoking update:  = REVOKE/ALL/AdobeExtensionManagerCC-7.0/7.1.1
2016-11-07T18:12:10: Revoking update:  = REVOKE/ALL/PhotoshopCameraRawForElements12-8.0/8.4.76
2016-11-07T18:12:10: Revoking update:  = REVOKE/ALL/AdobeExtensionManagerCC-7.0/7.2
2016-11-07T18:12:10: Revoking update:  = REVOKE/ALL/AdobeDigitalPublishingCC-2.0/31.0.0
2016-11-07T18:12:10: Revoking update:  = REVOKE/ALL/AdobeDigitalPublishingCS6-2.0/31.0.0
2016-11-07T18:12:10: Revoking update:  = REVOKE/ALL/AdobeDigitalPublishingCC2014-2.0/31.0.0
2016-11-07T18:12:10: Revoking update:  = REVOKE/ALL/PhotoshopCameraRaw7-7.0/8.5.50
2016-11-07T18:12:10: Revoking update:  = REVOKE/ALL/PhotoshopCameraRaw8-8.0/8.5.50
2016-11-07T18:12:10: Revoking update:  = REVOKE/ALL/AdobeAfterEffects-13.0.0-Trial/13.0.1
2016-11-07T18:12:10: Revoking update:  = REVOKE/ALL/AdobeDigitalPublishingCC2014-2.0/31.0.1
2016-11-07T18:12:10: Revoking update:  = REVOKE/ALL/AdobeDigitalPublishingCC-2.0/31.0.1
2016-11-07T18:12:10: Revoking update:  = REVOKE/ALL/AdobeDigitalPublishingCS6-2.0/31.0.1
2016-11-07T18:12:10: Revoking update:  = REVOKE/ALL/AdobeExtensionManagerCC-7.0/7.2.1
2016-11-07T18:12:10: Revoking update:  = REVOKE/ALL/AdobeMediaEncoder-8.0.0-Trial/8.0.1
2016-11-07T18:12:10: Revoking update:  = REVOKE/ALL/FlashPro14.0PR/14.0.1
2016-11-07T18:12:10: Revoking update:  = REVOKE/ALL/AdobePhotoshopCC2014-15.0/15.1
2016-11-07T18:12:10: Revoking update:  = REVOKE/ALL/AdobeAfterEffects-13.0.0-Trial/13.1.0
2016-11-07T18:12:10: Revoking update:  = REVOKE/ALL/AdobePhotoshopCC2014-15.0/15.2
2016-11-07T18:12:10: Revoking update:  = REVOKE/ALL/PhotoshopCameraRaw7-7.0/8.6.28
2016-11-07T18:12:10: Revoking update:  = REVOKE/ALL/PhotoshopCameraRaw8-8.0/8.6.28
2016-11-07T18:12:10: Revoking update:  = REVOKE/ALL/AdobePhotoshopCC2014-15.0/15.2.1
2016-11-07T18:12:10: Revoking update:  = REVOKE/ALL/PhotoshopCameraRaw8-8.0/8.7.54
2016-11-07T18:12:10: Revoking update:  = REVOKE/ALL/PhotoshopCameraRaw7-7.0/8.7.54
2016-11-07T18:12:10: Revoking update:  = REVOKE/ALL/AdobeIllustrator18-mul/18.1.0.430.2
2016-11-07T18:12:10: Revoking update:  = REVOKE/ALL/PhotoshopCameraRawForElements13-8.6/8.7.54
2016-11-07T18:12:10: Revoking update:  = REVOKE/ALL/AdobeSpeedGrade-8.0.0-Trial/8.1.0
2016-11-07T18:12:10: Revoking update:  = REVOKE/ALL/AdobeAudition-7.0.0-Trial/7.1.0
2016-11-07T18:12:10: Revoking update:  = REVOKE/ALL/AdobeMediaEncoder-8.0.0-Trial/8.1.0
2016-11-07T18:12:10: Revoking update:  = REVOKE/ALL/AdobePremierePro-8.0.0-Trial/8.1.0
2016-11-07T18:12:10: Revoking update:  = REVOKE/ALL/AdobeAfterEffects-13.0.0-Trial/13.1.1
2016-11-07T18:12:10: Revoking update:  = REVOKE/ALL/AdobePrelude-3.0.0-Trial/3.1.0
2016-11-07T18:12:10: Revoking update:  = REVOKE/ALL/AdobeInDesignCS6-8.0/8.0.2.413
2016-11-07T18:12:10: Revoking update:  = REVOKE/ALL/AdobeInDesignCC-9.0/9.2.2.103
2016-11-07T18:12:10: Revoking update:  = REVOKE/ALL/AdobeInCopyCS6-8.0/8.0.2.413
2016-11-07T18:12:10: Revoking update:  = REVOKE/ALL/AdobeInDesignCC2014-10.0/10.1.0.071
2016-11-07T18:12:10: Revoking update:  = REVOKE/ALL/FlashPro14.0PR/14.1
2016-11-07T18:12:10: Revoking update:  = REVOKE/ALL/PhotoshopCameraRaw8-8.0/8.7.57
2016-11-07T18:12:10: Revoking update:  = REVOKE/ALL/PhotoshopCameraRaw7-7.0/8.7.57
2016-11-07T18:12:10: Revoking update:  = REVOKE/ALL/PhotoshopCameraRaw8-8.0/8.8.70
2016-11-07T18:12:10: Revoking update:  = REVOKE/ALL/PhotoshopCameraRaw7-7.0/8.8.70
2016-11-07T18:12:10: Revoking update:  = REVOKE/ALL/PhotoshopCameraRawForElements13-8.6/8.7.57
2016-11-07T18:12:10: Revoking update:  = REVOKE/ALL/AdobeBridgeCC-6.0/6.1
2016-11-07T18:12:10: Revoking update:  = REVOKE/ALL/AdobeLightroom-6.0/6.0.1
2016-11-07T18:12:10: Revoking update:  = REVOKE/ALL/PhotoshopCameraRaw8-8.0/9.0.592
2016-11-07T18:12:10: Revoking update:  = REVOKE/ALL/PhotoshopCameraRaw7-7.0/9.0.592
2016-11-07T18:12:10: Revoking update:  = REVOKE/ALL/AdobeDrive5-5.0.0/5.0.2
2016-11-07T18:12:10: Revoking update:  = REVOKE/ALL/AdobeIllustrator19-mul/19.0.1.54.0
2016-11-07T18:12:10: Revoking update:  = REVOKE/ALL/AdobeDigitalPublishingCC2014-2.0/32.0.0
2016-11-07T18:12:10: Revoking update:  = REVOKE/ALL/AdobeDigitalPublishingCC-2.0/32.0.0
2016-11-07T18:12:10: Revoking update:  = REVOKE/ALL/AdobeDigitalPublishingCS6-2.0/32.0.0
2016-11-07T18:12:10: Revoking update:  = REVOKE/ALL/PhotoshopCameraRaw8-8.0/9.1.60
2016-11-07T18:12:10: Revoking update:  = REVOKE/ALL/PhotoshopCameraRaw7-7.0/9.1.60
2016-11-07T18:12:10: Revoking update:  = REVOKE/ALL/AdobeLightroom-6.0/6.1
2016-11-07T18:12:10: Revoking update:  = REVOKE/ALL/AdobePreviewCC-1.0.0/1.1.0
2016-11-07T18:12:10: Revoking update:  = REVOKE/ALL/AdobeInDesignCC2015-11.0/11.0.1.105
2016-11-07T18:12:10: CFU(Webfeed): Getting update info manifest for update refID: AdobeApplicationManager-1.0/update14
2016-11-07T18:12:11: Revoking update:  = REVOKE/ALL/AdobePremierePro-9.0.0-Trial/9.0.1
2016-11-07T18:12:11: Revoking update:  = REVOKE/ALL/AdobeMediaEncoder-9.0.0-Trial/9.0.1
2016-11-07T18:12:11: Revoking update:  = REVOKE/ALL/AdobeDigitalPublishingCC2015-3.0/2015.2
2016-11-07T18:12:11: Revoking update:  = REVOKE/ALL/AdobeDigitalPublishingCC2014-2.0/2015.2
2016-11-07T18:12:11: Revoking update:  = REVOKE/ALL/AdobeDigitalPublishingCC-2.0/2015.2
2016-11-07T18:12:11: Revoking update:  = REVOKE/ALL/AdobeDigitalPublishingCS6-2.0/2015.2
2016-11-07T18:12:11: Revoking update:  = REVOKE/ALL/AdobeLightroom-6.0/6.1.1
2016-11-07T18:12:11: Revoking update:  = REVOKE/ALL/PhotoshopCameraRaw8-8.0/9.1.88
2016-11-07T18:12:11: Revoking update:  = REVOKE/ALL/AdobeDigitalPublishingCS6-2.0/2015.3
2016-11-07T18:12:11: Revoking update:  = REVOKE/ALL/AdobeDigitalPublishingCC-2.0/2015.3
2016-11-07T18:12:11: Revoking update:  = REVOKE/ALL/AdobeDigitalPublishingCC2015-3.0/2015.3
2016-11-07T18:12:11: Revoking update:  = REVOKE/ALL/AdobeDigitalPublishingCC2014-2.0/2015.3
2016-11-07T18:12:11: Revoking update:  = REVOKE/ALL/AdobeLightroom-6.0/6.2
2016-11-07T18:12:11: Revoking update:  = REVOKE/ALL/AdobeLightroom-6.0/6.2.1
2016-11-07T18:12:11: Revoking update:  = REVOKE/ALL/PhotoshopCameraRaw8-8.0/9.2.89
2016-11-07T18:12:11: Revoking update:  = REVOKE/ALL/PhotoshopCameraRawForElements14-9.1/9.2.89
2016-11-07T18:12:11: Revoking update:  = REVOKE/ALL/AdobeMediaEncoder-9.0.0-Trial/9.0.2
2016-11-07T18:12:11: Revoking update:  = REVOKE/ALL/AdobeSpeedGrade-9.0.0-Trial/9.0.1
2016-11-07T18:12:11: Revoking update:  = REVOKE/ALL/AdobeAfterEffects-13.5.0-Trial/13.5.1
2016-11-07T18:12:11: Revoking update:  = REVOKE/ALL/AdobeCharacterAnimatorPreview-1.0/1.0.2
2016-11-07T18:12:11: Revoking update:  = REVOKE/ALL/AdobePremierePro-9.0.0-Trial/9.0.2
2016-11-07T18:12:11: Revoking update:  = REVOKE/ALL/AdobeDreamweavercc64Bit-16/16.0.1
2016-11-07T18:12:11: Revoking update:  = REVOKE/ALL/AdobeInDesignCC2015-11.0/11.1.0.122
2016-11-07T18:12:11: Revoking update:  = REVOKE/ALL/AdobeIllustrator19-mul/19.1.0.29.0
2016-11-07T18:12:11: Revoking update:  = REVOKE/ALL/AdobePhotoshopCC2015-16.0/16.0.1
2016-11-07T18:12:11: Revoking update:  = REVOKE/ALL/AdobeExportAssets2-2.0/2.3
2016-11-07T18:12:11: Revoking update:  = REVOKE/ALL/AdobePreviewCC-1.0.0/1.1.1
2016-11-07T18:12:11: Revoking update:  = REVOKE/ALL/PhotoshopCameraRaw8-8.0/9.3.38
2016-11-07T18:12:11: Revoking update:  = REVOKE/ALL/AdobePhotoshopCC2015-16.0/16.1
2016-11-07T18:12:11: Revoking update:  = REVOKE/ALL/AdobeAfterEffects-13.5.0-Trial/13.6.0
2016-11-07T18:12:11: Revoking update:  = REVOKE/ALL/AdobeDigitalPublishingCC2015-3.0/2015.5
2016-11-07T18:12:11: Revoking update:  = REVOKE/ALL/AdobePhotoshopCC2015-16.0/16.1.1
2016-11-07T18:12:11: Revoking update:  = REVOKE/ALL/AdobeIllustrator19-mul/19.2.0.111.1
2016-11-07T18:12:11: Revoking update:  = REVOKE/ALL/AdobeCaptivate8-8.0/8.0.1
2016-11-07T18:12:11: Revoking update:  = REVOKE/ALL/AdobePrelude-4.0.0-Trial/4.1.0
2016-11-07T18:12:11: Revoking update:  = REVOKE/ALL/AdobeLightroom-6.0/6.3
2016-11-07T18:12:11: Revoking update:  = REVOKE/ALL/PhotoshopCameraRaw8-8.0/9.3.48
2016-11-07T18:12:11: Revoking update:  = REVOKE/ALL/AdobeAfterEffects-13.5.0-Trial/13.6.1
2016-11-07T18:12:11: Revoking update:  = REVOKE/ALL/AdobePremierePro-9.0.0-Trial/9.1.0
2016-11-07T18:12:11: Revoking update:  = REVOKE/ALL/AdobeMediaEncoder-9.0.0-Trial/9.1.0
2016-11-07T18:12:11: Revoking update:  = REVOKE/ALL/PhotoshopCameraRawForElements14-9.1/9.3.38
2016-11-07T18:12:11: Revoking update:  = REVOKE/ALL/AdobeBridgeCC-6.0/6.1.1
2016-11-07T18:12:11: Revoking update:  = REVOKE/ALL/AdobeDigitalPublishingCC2015-3.0/2016.1
2016-11-07T18:12:11: Revoking update:  = REVOKE/ALL/AdobeDigitalPublishingCC2014-2.0/2015.5
2016-11-07T18:12:11: Revoking update:  = REVOKE/ALL/AdobeDigitalPublishingCC-2.0/2015.5
2016-11-07T18:12:11: Revoking update:  = REVOKE/ALL/AdobeInDesignCC2015-11.0/11.2.0.099
2016-11-07T18:12:11: Revoking update:  = REVOKE/ALL/AdobePrelude-4.0.0-Trial/4.2.0
2016-11-07T18:12:11: Revoking update:  = REVOKE/ALL/AdobeDreamweavercc64Bit-16/16.1.0
2016-11-07T18:12:11: Revoking update:  = REVOKE/ALL/PhotoshopCameraRaw8-8.0/9.4.51
2016-11-07T18:12:11: Revoking update:  = REVOKE/ALL/AdobeLightroom-6.0/6.4
2016-11-07T18:12:11: Revoking update:  = REVOKE/ALL/PhotoshopCameraRawForElements14-9.1/9.4.51
2016-11-07T18:12:11: Revoking update:  = REVOKE/ALL/AdobeAfterEffects-13.5.0-Trial/13.7.0
2016-11-07T18:12:11: Revoking update:  = REVOKE/ALL/AdobeAfterEffects-13.5.0-Trial/13.7.1
2016-11-07T18:12:11: Revoking update:  = REVOKE/ALL/PhotoshopCameraRaw8-8.0/9.5.50
2016-11-07T18:12:11: Revoking update:  = REVOKE/ALL/AdobeLightroom-6.0/6.5
2016-11-07T18:12:11: Revoking update:  = REVOKE/ALL/AdobeDigitalPublishingCC2015-3.0/2016.2
2016-11-07T18:12:11: Revoking update:  = REVOKE/ALL/AdobeLightroom-6.0/6.5.1
2016-11-07T18:12:11: Revoking update:  = REVOKE/ALL/PhotoshopCameraRaw8-8.0/9.5.73
2016-11-07T18:12:11: Revoking update:  = REVOKE/ALL/AdobeInCopyCC2015-11.0/11.0.1.105
2016-11-07T18:12:11: Revoking update:  = REVOKE/ALL/AdobeInDesignCC2015-11.0/11.3.0.034
2016-11-07T18:12:11: Revoking update:  = REVOKE/ALL/PhotoshopCameraRaw8-8.0/9.6.126
2016-11-07T18:12:11: Revoking update:  = REVOKE/ALL/AdobeLightroom-6.0/6.6
2016-11-07T18:12:11: Revoking update:  = REVOKE/ALL/AdobeCaptivate9-9.0/9.0.1
2016-11-07T18:12:11: Revoking update:  = REVOKE/ALL/AdobeInDesignCC2015-11.0/11.4.0.090
2016-11-07T18:12:11: Revoking update:  = REVOKE/ALL/AdobeLightroom-6.0/6.6.1
2016-11-07T18:12:11: Revoking update:  = REVOKE/ALL/PhotoshopCameraRaw8-8.0/9.6.147
2016-11-07T18:12:11: Revoking update:  = REVOKE/ALL/AdobeCaptivate9-9.0/9.0.2
2016-11-07T18:12:13: Check for Updates was done successfully.
2016-11-07T18:12:13: UCGetprogress : Check for updates returning state for reffId  = 
2016-11-07T18:12:13: UCGetprogress : Check for updates returning state     = 21
2016-11-07T18:12:13: UCGetprogress : Check for updates returning outError  = 0
2016-11-07T18:12:13: UCGetprogress : Check for updates returning percent   = 100
2016-11-07T18:12:13: UCGetprogress : Check for updates returning unique error code string   = U21M1C0
2016-11-07T20:10:34: <<< Adobe Updater Log End <<<


2016-11-09T18:08:07: >>> Adobe Updater Log Begin >>>
2016-11-09T18:08:07: UpdaterCoreImpl::InitLogFile : Application Version 2.0.0.22
2016-11-09T18:08:07: UpdaterCoreImpl::InitLogFile : cmdline option --> -logFile = /Users/P4/Library/Application Support/Adobe/AAMUpdater/1.0/aamus.log
2016-11-09T18:08:07: UpdaterCoreImpl::InitLogFile : cmdline option --> -logLevel = 2
2016-11-09T18:08:07: UpdaterCore : Returning from << UCInitialize >> Returning with outErr Value =>  = 0
2016-11-09T18:08:07: UCCheckForUpdates : Updater is loaded in AAM Updates Notifier mode.
2016-11-09T18:08:07: UCCheckForUpdates : User level lock acquired for AAM Updates Notifier.
2016-11-09T18:08:09: Returning from << UCCheckForUpdates >> call with outErr value -  = 0
2016-11-09T18:08:09: CFU(Webfeed):: Web feed hasn't changed since last time.
2016-11-09T18:08:09: CFU(Webfeed): Webfeed is empty
2016-11-09T18:08:09: CFU(Webfeed): MRL is empty
2016-11-09T18:08:09: Check for Updates was done successfully.
2016-11-09T18:08:10: UCGetprogress : Check for updates returning state for reffId  = 
2016-11-09T18:08:10: UCGetprogress : Check for updates returning state     = 21
2016-11-09T18:08:10: UCGetprogress : Check for updates returning outError  = 0
2016-11-09T18:08:10: UCGetprogress : Check for updates returning percent   = 100
2016-11-09T18:08:10: UCGetprogress : Check for updates returning unique error code string   = U21M1C0
2016-11-09T20:05:12: <<< Adobe Updater Log End <<<


2016-11-14T19:29:48: >>> Adobe Updater Log Begin >>>
2016-11-14T19:29:48: UpdaterCoreImpl::InitLogFile : Application Version 2.0.0.22
2016-11-14T19:29:48: UpdaterCoreImpl::InitLogFile : cmdline option --> -logFile = /Users/P4/Library/Application Support/Adobe/AAMUpdater/1.0/aamus.log
2016-11-14T19:29:48: UpdaterCoreImpl::InitLogFile : cmdline option --> -logLevel = 2
2016-11-14T19:29:50: UpdaterCore : Returning from << UCInitialize >> Returning with outErr Value =>  = 0
2016-11-14T19:29:50: UCCheckForUpdates : Updater is loaded in AAM Updates Notifier mode.
2016-11-14T19:29:50: UCCheckForUpdates : User level lock acquired for AAM Updates Notifier.
2016-11-14T19:29:51: Returning from << UCCheckForUpdates >> call with outErr value -  = 0
2016-11-14T19:29:53: CFU(Webfeed):: Web feed hasn't changed since last time.
2016-11-14T19:29:53: CFU(Webfeed): Webfeed is empty
2016-11-14T19:29:53: CFU(Webfeed): MRL is empty
2016-11-14T19:29:53: Check for Updates was done successfully.
2016-11-14T19:29:54: UCGetprogress : Check for updates returning state for reffId  = 
2016-11-14T19:29:54: UCGetprogress : Check for updates returning state     = 21
2016-11-14T19:29:54: UCGetprogress : Check for updates returning outError  = 0
2016-11-14T19:29:54: UCGetprogress : Check for updates returning percent   = 100
2016-11-14T19:29:54: UCGetprogress : Check for updates returning unique error code string   = U21M1C0
2016-11-14T19:49:43: <<< Adobe Updater Log End <<<


2016-11-16T18:09:43: >>> Adobe Updater Log Begin >>>
2016-11-16T18:09:43: UpdaterCoreImpl::InitLogFile : Application Version 2.0.0.22
2016-11-16T18:09:43: UpdaterCoreImpl::InitLogFile : cmdline option --> -logFile = /Users/P4/Library/Application Support/Adobe/AAMUpdater/1.0/aamus.log
2016-11-16T18:09:43: UpdaterCoreImpl::InitLogFile : cmdline option --> -logLevel = 2
2016-11-16T18:09:43: UpdaterCore : Returning from << UCInitialize >> Returning with outErr Value =>  = 0
2016-11-16T18:09:43: UCCheckForUpdates : Updater is loaded in AAM Updates Notifier mode.
2016-11-16T18:09:43: UCCheckForUpdates : User level lock acquired for AAM Updates Notifier.
2016-11-16T18:09:44: Returning from << UCCheckForUpdates >> call with outErr value -  = 0
2016-11-16T18:09:44: CFU(Webfeed):: Web feed hasn't changed since last time.
2016-11-16T18:09:44: CFU(Webfeed): Webfeed is empty
2016-11-16T18:09:44: CFU(Webfeed): MRL is empty
2016-11-16T18:09:44: Check for Updates was done successfully.
2016-11-16T18:09:44: UCGetprogress : Check for updates returning state for reffId  = 
2016-11-16T18:09:44: UCGetprogress : Check for updates returning state     = 21
2016-11-16T18:09:44: UCGetprogress : Check for updates returning outError  = 0
2016-11-16T18:09:44: UCGetprogress : Check for updates returning percent   = 100
2016-11-16T18:09:44: UCGetprogress : Check for updates returning unique error code string   = U21M1C0
2016-11-16T20:09:56: <<< Adobe Updater Log End <<<


2016-11-18T18:07:02: >>> Adobe Updater Log Begin >>>
2016-11-18T18:07:02: UpdaterCoreImpl::InitLogFile : Application Version 2.0.0.22
2016-11-18T18:07:02: UpdaterCoreImpl::InitLogFile : cmdline option --> -logFile = /Users/P4/Library/Application Support/Adobe/AAMUpdater/1.0/aamus.log
2016-11-18T18:07:02: UpdaterCoreImpl::InitLogFile : cmdline option --> -logLevel = 2
2016-11-18T18:07:02: UpdaterCore : Returning from << UCInitialize >> Returning with outErr Value =>  = 0
2016-11-18T18:07:02: UCCheckForUpdates : Updater is loaded in AAM Updates Notifier mode.
2016-11-18T18:07:02: UCCheckForUpdates : User level lock acquired for AAM Updates Notifier.
2016-11-18T18:07:03: Returning from << UCCheckForUpdates >> call with outErr value -  = 0
2016-11-18T18:07:04: CFU(Webfeed):: Web feed hasn't changed since last time.
2016-11-18T18:07:04: CFU(Webfeed): Webfeed is empty
2016-11-18T18:07:04: CFU(Webfeed): MRL is empty
2016-11-18T18:07:06: Check for Updates was done successfully.
2016-11-18T18:07:06: UCGetprogress : Check for updates returning state for reffId  = 
2016-11-18T18:07:06: UCGetprogress : Check for updates returning state     = 21
2016-11-18T18:07:06: UCGetprogress : Check for updates returning outError  = 0
2016-11-18T18:07:06: UCGetprogress : Check for updates returning percent   = 100
2016-11-18T18:07:06: UCGetprogress : Check for updates returning unique error code string   = U21M1C0
2016-11-28T19:27:55: >>> Adobe Updater Log Begin >>>
2016-11-28T19:27:55: UpdaterCoreImpl::InitLogFile : Application Version 2.0.0.22
2016-11-28T19:27:55: UpdaterCoreImpl::InitLogFile : cmdline option --> -logFile = /Users/P4/Library/Application Support/Adobe/AAMUpdater/1.0/aamus.log
2016-11-28T19:27:55: UpdaterCoreImpl::InitLogFile : cmdline option --> -logLevel = 2
2016-11-28T19:27:55: UpdaterCore : Returning from << UCInitialize >> Returning with outErr Value =>  = 0
2016-11-28T19:27:55: UCCheckForUpdates : Updater is loaded in AAM Updates Notifier mode.
2016-11-28T19:27:55: UCCheckForUpdates : User level lock acquired for AAM Updates Notifier.
2016-11-28T19:27:57: Returning from << UCCheckForUpdates >> call with outErr value -  = 0
2016-11-28T19:27:58: CFU(Webfeed):: Web feed hasn't changed since last time.
2016-11-28T19:27:58: CFU(Webfeed): Webfeed is empty
2016-11-28T19:27:58: CFU(Webfeed): MRL is empty
2016-11-28T19:27:59: Check for Updates was done successfully.
2016-11-28T19:27:59: UCGetprogress : Check for updates returning state for reffId  = 
2016-11-28T19:27:59: UCGetprogress : Check for updates returning state     = 21
2016-11-28T19:27:59: UCGetprogress : Check for updates returning outError  = 0
2016-11-28T19:27:59: UCGetprogress : Check for updates returning percent   = 100
2016-11-28T19:27:59: UCGetprogress : Check for updates returning unique error code string   = U21M1C0
2016-11-28T20:20:15: <<< Adobe Updater Log End <<<


2016-11-30T18:05:58: >>> Adobe Updater Log Begin >>>
2016-11-30T18:05:58: UpdaterCoreImpl::InitLogFile : Application Version 2.0.0.22
2016-11-30T18:05:58: UpdaterCoreImpl::InitLogFile : cmdline option --> -logFile = /Users/P4/Library/Application Support/Adobe/AAMUpdater/1.0/aamus.log
2016-11-30T18:05:58: UpdaterCoreImpl::InitLogFile : cmdline option --> -logLevel = 2
2016-11-30T18:05:58: UpdaterCore : Returning from << UCInitialize >> Returning with outErr Value =>  = 0
2016-11-30T18:05:58: UCCheckForUpdates : Updater is loaded in AAM Updates Notifier mode.
2016-11-30T18:05:58: UCCheckForUpdates : User level lock acquired for AAM Updates Notifier.
2016-11-30T18:05:59: Returning from << UCCheckForUpdates >> call with outErr value -  = 0
2016-11-30T18:05:59: CFU(Webfeed):: Web feed hasn't changed since last time.
2016-11-30T18:05:59: CFU(Webfeed): Webfeed is empty
2016-11-30T18:05:59: CFU(Webfeed): MRL is empty
2016-11-30T18:05:59: Check for Updates was done successfully.
2016-11-30T18:05:59: UCGetprogress : Check for updates returning state for reffId  = 
2016-11-30T18:05:59: UCGetprogress : Check for updates returning state     = 21
2016-11-30T18:05:59: UCGetprogress : Check for updates returning outError  = 0
2016-11-30T18:05:59: UCGetprogress : Check for updates returning percent   = 100
2016-11-30T18:05:59: UCGetprogress : Check for updates returning unique error code string   = U21M1C0
2016-11-30T20:09:21: <<< Adobe Updater Log End <<<


2016-12-02T18:06:01: >>> Adobe Updater Log Begin >>>
2016-12-02T18:06:01: UpdaterCoreImpl::InitLogFile : Application Version 2.0.0.22
2016-12-02T18:06:01: UpdaterCoreImpl::InitLogFile : cmdline option --> -logFile = /Users/P4/Library/Application Support/Adobe/AAMUpdater/1.0/aamus.log
2016-12-02T18:06:01: UpdaterCoreImpl::InitLogFile : cmdline option --> -logLevel = 2
2016-12-02T18:06:01: UpdaterCore : Returning from << UCInitialize >> Returning with outErr Value =>  = 0
2016-12-02T18:06:01: UCCheckForUpdates : Updater is loaded in AAM Updates Notifier mode.
2016-12-02T18:06:01: UCCheckForUpdates : User level lock acquired for AAM Updates Notifier.
2016-12-02T18:06:04: Returning from << UCCheckForUpdates >> call with outErr value -  = 0
2016-12-02T18:06:04: CFU(Webfeed):: Web feed hasn't changed since last time.
2016-12-02T18:06:04: CFU(Webfeed): Webfeed is empty
2016-12-02T18:06:04: CFU(Webfeed): MRL is empty
2016-12-02T18:06:04: Check for Updates was done successfully.
2016-12-02T18:06:04: UCGetprogress : Check for updates returning state for reffId  = 
2016-12-02T18:06:04: UCGetprogress : Check for updates returning state     = 21
2016-12-02T18:06:04: UCGetprogress : Check for updates returning outError  = 0
2016-12-02T18:06:04: UCGetprogress : Check for updates returning percent   = 100
2016-12-02T18:06:04: UCGetprogress : Check for updates returning unique error code string   = U21M1C0
2016-12-02T19:55:22: <<< Adobe Updater Log End <<<


2016-12-05T18:06:26: >>> Adobe Updater Log Begin >>>
2016-12-05T18:06:26: UpdaterCoreImpl::InitLogFile : Application Version 2.0.0.22
2016-12-05T18:06:26: UpdaterCoreImpl::InitLogFile : cmdline option --> -logFile = /Users/P4/Library/Application Support/Adobe/AAMUpdater/1.0/aamus.log
2016-12-05T18:06:26: UpdaterCoreImpl::InitLogFile : cmdline option --> -logLevel = 2
2016-12-05T18:06:26: UpdaterCore : Returning from << UCInitialize >> Returning with outErr Value =>  = 0
2016-12-05T18:06:26: UCCheckForUpdates : Updater is loaded in AAM Updates Notifier mode.
2016-12-05T18:06:26: UCCheckForUpdates : User level lock acquired for AAM Updates Notifier.
2016-12-05T18:06:26: Returning from << UCCheckForUpdates >> call with outErr value -  = 0
2016-12-05T18:06:27: CFU(Webfeed):: Web feed hasn't changed since last time.
2016-12-05T18:06:27: CFU(Webfeed): Webfeed is empty
2016-12-05T18:06:27: CFU(Webfeed): MRL is empty
2016-12-05T18:06:27: Check for Updates was done successfully.
2016-12-05T18:06:27: UCGetprogress : Check for updates returning state for reffId  = 
2016-12-05T18:06:27: UCGetprogress : Check for updates returning state     = 21
2016-12-05T18:06:27: UCGetprogress : Check for updates returning outError  = 0
2016-12-05T18:06:27: UCGetprogress : Check for updates returning percent   = 100
2016-12-05T18:06:27: UCGetprogress : Check for updates returning unique error code string   = U21M1C0
2016-12-05T20:08:46: <<< Adobe Updater Log End <<<


2016-12-07T18:06:18: >>> Adobe Updater Log Begin >>>
2016-12-07T18:06:18: UpdaterCoreImpl::InitLogFile : Application Version 2.0.0.22
2016-12-07T18:06:18: UpdaterCoreImpl::InitLogFile : cmdline option --> -logFile = /Users/P4/Library/Application Support/Adobe/AAMUpdater/1.0/aamus.log
2016-12-07T18:06:18: UpdaterCoreImpl::InitLogFile : cmdline option --> -logLevel = 2
2016-12-07T18:06:18: UpdaterCore : Returning from << UCInitialize >> Returning with outErr Value =>  = 0
2016-12-07T18:06:18: UCCheckForUpdates : Updater is loaded in AAM Updates Notifier mode.
2016-12-07T18:06:18: UCCheckForUpdates : User level lock acquired for AAM Updates Notifier.
2016-12-07T18:06:18: Returning from << UCCheckForUpdates >> call with outErr value -  = 0
2016-12-07T18:06:19: CFU(Webfeed):: Web feed hasn't changed since last time.
2016-12-07T18:06:19: CFU(Webfeed): Webfeed is empty
2016-12-07T18:06:19: CFU(Webfeed): MRL is empty
2016-12-07T18:06:22: Check for Updates was done successfully.
2016-12-07T18:06:22: UCGetprogress : Check for updates returning state for reffId  = 
2016-12-07T18:06:22: UCGetprogress : Check for updates returning state     = 21
2016-12-07T18:06:22: UCGetprogress : Check for updates returning outError  = 0
2016-12-07T18:06:22: UCGetprogress : Check for updates returning percent   = 100
2016-12-07T18:06:22: UCGetprogress : Check for updates returning unique error code string   = U21M1C0
2016-12-07T20:08:22: <<< Adobe Updater Log End <<<


2016-12-09T18:41:29: >>> Adobe Updater Log Begin >>>
2016-12-09T18:41:29: UpdaterCoreImpl::InitLogFile : Application Version 2.0.0.22
2016-12-09T18:41:29: UpdaterCoreImpl::InitLogFile : cmdline option --> -logFile = /Users/P4/Library/Application Support/Adobe/AAMUpdater/1.0/aamus.log
2016-12-09T18:41:29: UpdaterCoreImpl::InitLogFile : cmdline option --> -logLevel = 2
2016-12-09T18:41:29: UpdaterCore : Returning from << UCInitialize >> Returning with outErr Value =>  = 0
2016-12-09T18:41:29: UCCheckForUpdates : Updater is loaded in AAM Updates Notifier mode.
2016-12-09T18:41:29: UCCheckForUpdates : User level lock acquired for AAM Updates Notifier.
2016-12-09T18:41:30: Returning from << UCCheckForUpdates >> call with outErr value -  = 0
2016-12-09T18:41:30: CFU(Webfeed): Web feed has increased, Going for incremental feed download
2016-12-09T18:41:30: Revoking update:  = REVOKE/ALL/AdobeLightroom-6.0/6.7
2016-12-09T18:41:30: Revoking update:  = REVOKE/ALL/PhotoshopCameraRaw8-8.0/9.7.112
2016-12-09T18:41:31: Check for Updates was done successfully.
2016-12-09T18:41:31: UCGetprogress : Check for updates returning state for reffId  = 
2016-12-09T18:41:31: UCGetprogress : Check for updates returning state     = 21
2016-12-09T18:41:31: UCGetprogress : Check for updates returning outError  = 0
2016-12-09T18:41:31: UCGetprogress : Check for updates returning percent   = 100
2016-12-09T18:41:31: UCGetprogress : Check for updates returning unique error code string   = U21M1C0
2016-12-09T19:29:33: <<< Adobe Updater Log End <<<


2016-12-14T18:06:48: >>> Adobe Updater Log Begin >>>
2016-12-14T18:06:48: UpdaterCoreImpl::InitLogFile : Application Version 2.0.0.22
2016-12-14T18:06:48: UpdaterCoreImpl::InitLogFile : cmdline option --> -logFile = /Users/P4/Library/Application Support/Adobe/AAMUpdater/1.0/aamus.log
2016-12-14T18:06:48: UpdaterCoreImpl::InitLogFile : cmdline option --> -logLevel = 2
2016-12-14T18:06:48: UpdaterCore : Returning from << UCInitialize >> Returning with outErr Value =>  = 0
2016-12-14T18:06:48: UCCheckForUpdates : Updater is loaded in AAM Updates Notifier mode.
2016-12-14T18:06:48: UCCheckForUpdates : User level lock acquired for AAM Updates Notifier.
2016-12-14T18:06:49: Returning from << UCCheckForUpdates >> call with outErr value -  = 0
2016-12-14T18:06:49: CFU(Webfeed): Web feed has increased, Going for incremental feed download
2016-12-14T18:06:49: Revoking update:  = REVOKE/ALL/AdobeDigitalPublishingCC2014-2.0/2016.2
2016-12-14T18:06:49: Revoking update:  = REVOKE/ALL/AdobeDigitalPublishingCC-2.0/2016.2
2016-12-14T18:06:51: Check for Updates was done successfully.
2016-12-14T18:06:51: UCGetprogress : Check for updates returning state for reffId  = 
2016-12-14T18:06:51: UCGetprogress : Check for updates returning state     = 21
2016-12-14T18:06:51: UCGetprogress : Check for updates returning outError  = 0
2016-12-14T18:06:51: UCGetprogress : Check for updates returning percent   = 100
2016-12-14T18:06:51: UCGetprogress : Check for updates returning unique error code string   = U21M1C0
2016-12-14T20:09:35: <<< Adobe Updater Log End <<<


2016-12-16T18:11:17: >>> Adobe Updater Log Begin >>>
2016-12-16T18:11:17: UpdaterCoreImpl::InitLogFile : Application Version 2.0.0.22
2016-12-16T18:11:17: UpdaterCoreImpl::InitLogFile : cmdline option --> -logFile = /Users/P4/Library/Application Support/Adobe/AAMUpdater/1.0/aamus.log
2016-12-16T18:11:17: UpdaterCoreImpl::InitLogFile : cmdline option --> -logLevel = 2
2016-12-16T18:11:17: UpdaterCore : Returning from << UCInitialize >> Returning with outErr Value =>  = 0
2016-12-16T18:11:17: UCCheckForUpdates : Updater is loaded in AAM Updates Notifier mode.
2016-12-16T18:11:17: UCCheckForUpdates : User level lock acquired for AAM Updates Notifier.
2016-12-16T18:11:19: Returning from << UCCheckForUpdates >> call with outErr value -  = 0
2016-12-16T18:11:19: CFU(Webfeed): Web feed has increased, Going for incremental feed download
2016-12-16T18:11:19: Revoking update:  = REVOKE/ALL/AdobePSE-15/15.1
2016-12-16T18:11:20: Check for Updates was done successfully.
2016-12-16T18:11:21: UCGetprogress : Check for updates returning state for reffId  = 
2016-12-16T18:11:21: UCGetprogress : Check for updates returning state     = 21
2016-12-16T18:11:21: UCGetprogress : Check for updates returning outError  = 0
2016-12-16T18:11:21: UCGetprogress : Check for updates returning percent   = 100
2016-12-16T18:11:21: UCGetprogress : Check for updates returning unique error code string   = U21M1C0
2016-12-16T20:06:12: <<< Adobe Updater Log End <<<


2016-12-19T19:09:39: >>> Adobe Updater Log Begin >>>
2016-12-19T19:09:39: UpdaterCoreImpl::InitLogFile : Application Version 2.0.0.22
2016-12-19T19:09:39: UpdaterCoreImpl::InitLogFile : cmdline option --> -logFile = /Users/P4/Library/Application Support/Adobe/AAMUpdater/1.0/aamus.log
2016-12-19T19:09:39: UpdaterCoreImpl::InitLogFile : cmdline option --> -logLevel = 2
2016-12-19T19:09:39: UpdaterCore : Returning from << UCInitialize >> Returning with outErr Value =>  = 0
2016-12-19T19:09:39: UCCheckForUpdates : Updater is loaded in AAM Updates Notifier mode.
2016-12-19T19:09:39: UCCheckForUpdates : User level lock acquired for AAM Updates Notifier.
2016-12-19T19:09:40: Returning from << UCCheckForUpdates >> call with outErr value -  = 0
2016-12-19T19:09:40: CFU(Webfeed):: Web feed hasn't changed since last time.
2016-12-19T19:09:40: CFU(Webfeed): Webfeed is empty
2016-12-19T19:09:40: CFU(Webfeed): MRL is empty
2016-12-19T19:09:41: Check for Updates was done successfully.
2016-12-19T19:09:41: UCGetprogress : Check for updates returning state for reffId  = 
2016-12-19T19:09:41: UCGetprogress : Check for updates returning state     = 21
2016-12-19T19:09:41: UCGetprogress : Check for updates returning outError  = 0
2016-12-19T19:09:41: UCGetprogress : Check for updates returning percent   = 100
2016-12-19T19:09:41: UCGetprogress : Check for updates returning unique error code string   = U21M1C0
2016-12-19T20:08:08: <<< Adobe Updater Log End <<<


2016-12-21T18:06:39: >>> Adobe Updater Log Begin >>>
2016-12-21T18:06:39: UpdaterCoreImpl::InitLogFile : Application Version 2.0.0.22
2016-12-21T18:06:39: UpdaterCoreImpl::InitLogFile : cmdline option --> -logFile = /Users/P4/Library/Application Support/Adobe/AAMUpdater/1.0/aamus.log
2016-12-21T18:06:39: UpdaterCoreImpl::InitLogFile : cmdline option --> -logLevel = 2
2016-12-21T18:06:39: UpdaterCore : Returning from << UCInitialize >> Returning with outErr Value =>  = 0
2016-12-21T18:06:39: UCCheckForUpdates : Updater is loaded in AAM Updates Notifier mode.
2016-12-21T18:06:39: UCCheckForUpdates : User level lock acquired for AAM Updates Notifier.
2016-12-21T18:06:40: Returning from << UCCheckForUpdates >> call with outErr value -  = 0
2016-12-21T18:06:40: CFU(Webfeed):: Web feed hasn't changed since last time.
2016-12-21T18:06:40: CFU(Webfeed): Webfeed is empty
2016-12-21T18:06:40: CFU(Webfeed): MRL is empty
2016-12-21T18:06:40: Check for Updates was done successfully.
2016-12-21T18:06:41: UCGetprogress : Check for updates returning state for reffId  = 
2016-12-21T18:06:41: UCGetprogress : Check for updates returning state     = 21
2016-12-21T18:06:41: UCGetprogress : Check for updates returning outError  = 0
2016-12-21T18:06:41: UCGetprogress : Check for updates returning percent   = 100
2016-12-21T18:06:41: UCGetprogress : Check for updates returning unique error code string   = U21M1C0
2017-01-11T18:07:44: >>> Adobe Updater Log Begin >>>
2017-01-11T18:07:44: UpdaterCoreImpl::InitLogFile : Application Version 2.0.0.22
2017-01-11T18:07:44: UpdaterCoreImpl::InitLogFile : cmdline option --> -logFile = /Users/P4/Library/Application Support/Adobe/AAMUpdater/1.0/aamus.log
2017-01-11T18:07:44: UpdaterCoreImpl::InitLogFile : cmdline option --> -logLevel = 2
2017-01-11T18:07:44: UpdaterCore : Returning from << UCInitialize >> Returning with outErr Value =>  = 0
2017-01-11T18:07:44: UCCheckForUpdates : Updater is loaded in AAM Updates Notifier mode.
2017-01-11T18:07:44: UCCheckForUpdates : User level lock acquired for AAM Updates Notifier.
2017-01-11T18:07:45: Returning from << UCCheckForUpdates >> call with outErr value -  = 0
2017-01-11T18:07:45: CFU(Webfeed): Web feed has increased, Going for incremental feed download
2017-01-11T18:07:45: Revoking update:  = REVOKE/ALL/PhotoshopCameraRawForElements15-9.6/9.7.112
2017-01-11T18:07:45: Check for Updates was done successfully.
2017-01-11T18:07:45: UCGetprogress : Check for updates returning state for reffId  = 
2017-01-11T18:07:45: UCGetprogress : Check for updates returning state     = 21
2017-01-11T18:07:45: UCGetprogress : Check for updates returning outError  = 0
2017-01-11T18:07:45: UCGetprogress : Check for updates returning percent   = 100
2017-01-11T18:07:45: UCGetprogress : Check for updates returning unique error code string   = U21M1C0
2017-01-11T20:10:05: <<< Adobe Updater Log End <<<


2017-01-13T18:07:11: >>> Adobe Updater Log Begin >>>
2017-01-13T18:07:11: UpdaterCoreImpl::InitLogFile : Application Version 2.0.0.22
2017-01-13T18:07:11: UpdaterCoreImpl::InitLogFile : cmdline option --> -logFile = /Users/P4/Library/Application Support/Adobe/AAMUpdater/1.0/aamus.log
2017-01-13T18:07:11: UpdaterCoreImpl::InitLogFile : cmdline option --> -logLevel = 2
2017-01-13T18:07:13: UpdaterCore : Returning from << UCInitialize >> Returning with outErr Value =>  = 0
2017-01-13T18:07:13: UCCheckForUpdates : Updater is loaded in AAM Updates Notifier mode.
2017-01-13T18:07:13: UCCheckForUpdates : User level lock acquired for AAM Updates Notifier.
2017-01-13T18:07:14: Returning from << UCCheckForUpdates >> call with outErr value -  = 0
2017-01-13T18:07:16: CFU(Webfeed):: Web feed hasn't changed since last time.
2017-01-13T18:07:16: CFU(Webfeed): Webfeed is empty
2017-01-13T18:07:16: CFU(Webfeed): MRL is empty
2017-01-13T18:07:16: Check for Updates was done successfully.
2017-01-13T18:07:17: UCGetprogress : Check for updates returning state for reffId  = 
2017-01-13T18:07:17: UCGetprogress : Check for updates returning state     = 21
2017-01-13T18:07:17: UCGetprogress : Check for updates returning outError  = 0
2017-01-13T18:07:17: UCGetprogress : Check for updates returning percent   = 100
2017-01-13T18:07:17: UCGetprogress : Check for updates returning unique error code string   = U21M1C0
2017-01-13T20:09:59: <<< Adobe Updater Log End <<<


2017-01-18T18:05:45: >>> Adobe Updater Log Begin >>>
2017-01-18T18:05:45: UpdaterCoreImpl::InitLogFile : Application Version 2.0.0.22
2017-01-18T18:05:45: UpdaterCoreImpl::InitLogFile : cmdline option --> -logFile = /Users/P4/Library/Application Support/Adobe/AAMUpdater/1.0/aamus.log
2017-01-18T18:05:45: UpdaterCoreImpl::InitLogFile : cmdline option --> -logLevel = 2
2017-01-18T18:05:45: UpdaterCore : Returning from << UCInitialize >> Returning with outErr Value =>  = 0
2017-01-18T18:05:45: UCCheckForUpdates : Updater is loaded in AAM Updates Notifier mode.
2017-01-18T18:05:45: UCCheckForUpdates : User level lock acquired for AAM Updates Notifier.
2017-01-18T18:05:45: Returning from << UCCheckForUpdates >> call with outErr value -  = 0
2017-01-18T18:05:46: CFU(Webfeed):: Web feed hasn't changed since last time.
2017-01-18T18:05:46: CFU(Webfeed): Webfeed is empty
2017-01-18T18:05:46: CFU(Webfeed): MRL is empty
2017-01-18T18:05:48: Check for Updates was done successfully.
2017-01-18T18:05:48: UCGetprogress : Check for updates returning state for reffId  = 
2017-01-18T18:05:48: UCGetprogress : Check for updates returning state     = 21
2017-01-18T18:05:48: UCGetprogress : Check for updates returning outError  = 0
2017-01-18T18:05:48: UCGetprogress : Check for updates returning percent   = 100
2017-01-18T18:05:48: UCGetprogress : Check for updates returning unique error code string   = U21M1C0
2017-01-18T20:08:00: <<< Adobe Updater Log End <<<


2017-01-19T19:10:28: >>> Adobe Updater Log Begin >>>
2017-01-19T19:10:28: UpdaterCoreImpl::InitLogFile : Application Version 2.0.0.22
2017-01-19T19:10:28: UpdaterCoreImpl::InitLogFile : cmdline option --> -logFile = /Users/P4/Library/Application Support/Adobe/AAMUpdater/1.0/aamus.log
2017-01-19T19:10:28: UpdaterCoreImpl::InitLogFile : cmdline option --> -logLevel = 2
2017-01-19T19:10:28: UpdaterCore : Returning from << UCInitialize >> Returning with outErr Value =>  = 0
2017-01-19T19:10:28: UCCheckForUpdates : Updater is loaded in AAM Updates Notifier mode.
2017-01-19T19:10:28: UCCheckForUpdates : User level lock acquired for AAM Updates Notifier.
2017-01-19T19:10:28: Returning from << UCCheckForUpdates >> call with outErr value -  = 0
2017-01-19T19:10:28: CFU(Webfeed):: Web feed hasn't changed since last time.
2017-01-19T19:10:28: CFU(Webfeed): Webfeed is empty
2017-01-19T19:10:28: CFU(Webfeed): MRL is empty
2017-01-19T19:10:28: Check for Updates was done successfully.
2017-01-19T19:10:28: UCGetprogress : Check for updates returning state for reffId  = 
2017-01-19T19:10:28: UCGetprogress : Check for updates returning state     = 21
2017-01-19T19:10:28: UCGetprogress : Check for updates returning outError  = 0
2017-01-19T19:10:28: UCGetprogress : Check for updates returning percent   = 100
2017-01-19T19:10:28: UCGetprogress : Check for updates returning unique error code string   = U21M1C0
2017-01-19T20:08:20: <<< Adobe Updater Log End <<<


2017-01-20T18:55:11: >>> Adobe Updater Log Begin >>>
2017-01-20T18:55:11: UpdaterCoreImpl::InitLogFile : Application Version 2.0.0.22
2017-01-20T18:55:11: UpdaterCoreImpl::InitLogFile : cmdline option --> -logFile = /Users/P4/Library/Application Support/Adobe/AAMUpdater/1.0/aamus.log
2017-01-20T18:55:11: UpdaterCoreImpl::InitLogFile : cmdline option --> -logLevel = 2
2017-01-20T18:55:11: UpdaterCore : Returning from << UCInitialize >> Returning with outErr Value =>  = 0
2017-01-20T18:55:11: UCCheckForUpdates : Updater is loaded in AAM Updates Notifier mode.
2017-01-20T18:55:11: UCCheckForUpdates : User level lock acquired for AAM Updates Notifier.
2017-01-20T18:55:12: Returning from << UCCheckForUpdates >> call with outErr value -  = 0
2017-01-20T18:55:12: CFU(Webfeed):: Web feed hasn't changed since last time.
2017-01-20T18:55:12: CFU(Webfeed): Webfeed is empty
2017-01-20T18:55:12: CFU(Webfeed): MRL is empty
2017-01-20T18:55:12: Check for Updates was done successfully.
2017-01-20T18:55:12: UCGetprogress : Check for updates returning state for reffId  = 
2017-01-20T18:55:12: UCGetprogress : Check for updates returning state     = 21
2017-01-20T18:55:12: UCGetprogress : Check for updates returning outError  = 0
2017-01-20T18:55:12: UCGetprogress : Check for updates returning percent   = 100
2017-01-20T18:55:12: UCGetprogress : Check for updates returning unique error code string   = U21M1C0
2017-01-20T19:44:03: <<< Adobe Updater Log End <<<


2017-01-23T18:05:55: >>> Adobe Updater Log Begin >>>
2017-01-23T18:05:55: UpdaterCoreImpl::InitLogFile : Application Version 2.0.0.22
2017-01-23T18:05:55: UpdaterCoreImpl::InitLogFile : cmdline option --> -logFile = /Users/P4/Library/Application Support/Adobe/AAMUpdater/1.0/aamus.log
2017-01-23T18:05:55: UpdaterCoreImpl::InitLogFile : cmdline option --> -logLevel = 2
2017-01-23T18:05:55: UpdaterCore : Returning from << UCInitialize >> Returning with outErr Value =>  = 0
2017-01-23T18:05:55: UCCheckForUpdates : Updater is loaded in AAM Updates Notifier mode.
2017-01-23T18:05:55: UCCheckForUpdates : User level lock acquired for AAM Updates Notifier.
2017-01-23T18:05:56: Returning from << UCCheckForUpdates >> call with outErr value -  = 0
2017-01-23T18:05:56: CFU(Webfeed):: Web feed hasn't changed since last time.
2017-01-23T18:05:56: CFU(Webfeed): Webfeed is empty
2017-01-23T18:05:56: CFU(Webfeed): MRL is empty
2017-01-23T18:05:56: Check for Updates was done successfully.
2017-01-23T18:05:57: UCGetprogress : Check for updates returning state for reffId  = 
2017-01-23T18:05:57: UCGetprogress : Check for updates returning state     = 21
2017-01-23T18:05:57: UCGetprogress : Check for updates returning outError  = 0
2017-01-23T18:05:57: UCGetprogress : Check for updates returning percent   = 100
2017-01-23T18:05:57: UCGetprogress : Check for updates returning unique error code string   = U21M1C0
2017-01-23T20:09:59: <<< Adobe Updater Log End <<<


2017-01-25T18:05:37: >>> Adobe Updater Log Begin >>>
2017-01-25T18:05:37: UpdaterCoreImpl::InitLogFile : Application Version 2.0.0.22
2017-01-25T18:05:37: UpdaterCoreImpl::InitLogFile : cmdline option --> -logFile = /Users/P4/Library/Application Support/Adobe/AAMUpdater/1.0/aamus.log
2017-01-25T18:05:37: UpdaterCoreImpl::InitLogFile : cmdline option --> -logLevel = 2
2017-01-25T18:05:37: UpdaterCore : Returning from << UCInitialize >> Returning with outErr Value =>  = 0
2017-01-25T18:05:37: UCCheckForUpdates : Updater is loaded in AAM Updates Notifier mode.
2017-01-25T18:05:37: UCCheckForUpdates : User level lock acquired for AAM Updates Notifier.
2017-01-25T18:05:40: Returning from << UCCheckForUpdates >> call with outErr value -  = 0
2017-01-25T18:05:40: CFU(Webfeed):: Web feed hasn't changed since last time.
2017-01-25T18:05:40: CFU(Webfeed): Webfeed is empty
2017-01-25T18:05:40: CFU(Webfeed): MRL is empty
2017-01-25T18:05:40: Check for Updates was done successfully.
2017-01-25T18:05:40: UCGetprogress : Check for updates returning state for reffId  = 
2017-01-25T18:05:40: UCGetprogress : Check for updates returning state     = 21
2017-01-25T18:05:40: UCGetprogress : Check for updates returning outError  = 0
2017-01-25T18:05:40: UCGetprogress : Check for updates returning percent   = 100
2017-01-25T18:05:40: UCGetprogress : Check for updates returning unique error code string   = U21M1C0
2017-01-25T19:56:27: <<< Adobe Updater Log End <<<


2017-01-30T19:29:02: >>> Adobe Updater Log Begin >>>
2017-01-30T19:29:02: UpdaterCoreImpl::InitLogFile : Application Version 2.0.0.22
2017-01-30T19:29:02: UpdaterCoreImpl::InitLogFile : cmdline option --> -logFile = /Users/P4/Library/Application Support/Adobe/AAMUpdater/1.0/aamus.log
2017-01-30T19:29:02: UpdaterCoreImpl::InitLogFile : cmdline option --> -logLevel = 2
2017-01-30T19:29:02: UpdaterCore : Returning from << UCInitialize >> Returning with outErr Value =>  = 0
2017-01-30T19:29:02: UCCheckForUpdates : Updater is loaded in AAM Updates Notifier mode.
2017-01-30T19:29:02: UCCheckForUpdates : User level lock acquired for AAM Updates Notifier.
2017-01-30T19:29:03: Returning from << UCCheckForUpdates >> call with outErr value -  = 0
2017-01-30T19:29:03: CFU(Webfeed):: Web feed hasn't changed since last time.
2017-01-30T19:29:03: CFU(Webfeed): Webfeed is empty
2017-01-30T19:29:03: CFU(Webfeed): MRL is empty
2017-01-30T19:29:04: Check for Updates was done successfully.
2017-01-30T19:29:04: UCGetprogress : Check for updates returning state for reffId  = 
2017-01-30T19:29:04: UCGetprogress : Check for updates returning state     = 21
2017-01-30T19:29:04: UCGetprogress : Check for updates returning outError  = 0
2017-01-30T19:29:04: UCGetprogress : Check for updates returning percent   = 100
2017-01-30T19:29:04: UCGetprogress : Check for updates returning unique error code string   = U21M1C0
2017-01-30T20:20:10: <<< Adobe Updater Log End <<<


2017-02-01T18:06:17: >>> Adobe Updater Log Begin >>>
2017-02-01T18:06:17: UpdaterCoreImpl::InitLogFile : Application Version 2.0.0.22
2017-02-01T18:06:17: UpdaterCoreImpl::InitLogFile : cmdline option --> -logFile = /Users/P4/Library/Application Support/Adobe/AAMUpdater/1.0/aamus.log
2017-02-01T18:06:17: UpdaterCoreImpl::InitLogFile : cmdline option --> -logLevel = 2
2017-02-01T18:06:17: UpdaterCore : Returning from << UCInitialize >> Returning with outErr Value =>  = 0
2017-02-01T18:06:17: UCCheckForUpdates : Updater is loaded in AAM Updates Notifier mode.
2017-02-01T18:06:17: UCCheckForUpdates : User level lock acquired for AAM Updates Notifier.
2017-02-01T18:06:17: Returning from << UCCheckForUpdates >> call with outErr value -  = 0
2017-02-01T18:06:17: CFU(Webfeed):: Web feed hasn't changed since last time.
2017-02-01T18:06:17: CFU(Webfeed): Webfeed is empty
2017-02-01T18:06:17: CFU(Webfeed): MRL is empty
2017-02-01T18:06:19: Check for Updates was done successfully.
2017-02-01T18:06:20: UCGetprogress : Check for updates returning state for reffId  = 
2017-02-01T18:06:20: UCGetprogress : Check for updates returning state     = 21
2017-02-01T18:06:20: UCGetprogress : Check for updates returning outError  = 0
2017-02-01T18:06:20: UCGetprogress : Check for updates returning percent   = 100
2017-02-01T18:06:20: UCGetprogress : Check for updates returning unique error code string   = U21M1C0
