2016-08-22T18:25:32: >>> Adobe Updater Log Begin >>>
2016-08-22T18:25:32: Application Version: 2.0.0.22
2016-08-22T18:25:32: cmdline option: -logFile = /Users/P4/Library/Application Support/Adobe/AAMUpdater/1.0/aamul.log
2016-08-22T18:25:32: cmdline option: -logLevel = 2
2016-08-22T18:25:32: StartupUtility : Loaded at startup/logon.
2016-08-22T18:25:32: UCIsUpdaterEnabled : UpdaterIsEnabled.
2016-08-22T18:25:32: Updater has never been run on the machine.
2016-08-22T18:25:32: StartupUtility : Window is NOT Elapsed.
2016-08-22T18:25:32: <<< Adobe Updater Log End <<<


2016-08-23T18:10:11: >>> Adobe Updater Log Begin >>>
2016-08-23T18:10:11: Application Version: 2.0.0.22
2016-08-23T18:10:11: cmdline option: -logFile = /Users/P4/Library/Application Support/Adobe/AAMUpdater/1.0/aamul.log
2016-08-23T18:10:11: cmdline option: -logLevel = 2
2016-08-23T18:10:11: StartupUtility : Loaded at startup/logon.
2016-08-23T18:10:11: UCIsUpdaterEnabled : UpdaterIsEnabled.
2016-08-23T18:10:11: Updater has never been run on the machine.
2016-08-23T18:10:11: StartupUtility : Window is NOT Elapsed.
2016-08-23T18:10:11: <<< Adobe Updater Log End <<<


2016-08-24T18:08:58: >>> Adobe Updater Log Begin >>>
2016-08-24T18:08:58: Application Version: 2.0.0.22
2016-08-24T18:08:58: cmdline option: -logFile = /Users/P4/Library/Application Support/Adobe/AAMUpdater/1.0/aamul.log
2016-08-24T18:08:58: cmdline option: -logLevel = 2
2016-08-24T18:08:58: StartupUtility : Loaded at startup/logon.
2016-08-24T18:08:58: UCIsUpdaterEnabled : UpdaterIsEnabled.
2016-08-24T18:08:58: Updater has never been run on the machine.
2016-08-24T18:08:58: StartupUtility : Window is NOT Elapsed.
2016-08-24T18:08:58: <<< Adobe Updater Log End <<<


2016-08-26T17:07:35: >>> Adobe Updater Log Begin >>>
2016-08-26T17:07:35: Application Version: 2.0.0.22
2016-08-26T17:07:35: cmdline option: -logFile = /Users/P4/Library/Application Support/Adobe/AAMUpdater/1.0/aamul.log
2016-08-26T17:07:35: cmdline option: -logLevel = 2
2016-08-26T17:07:35: StartupUtility : Loaded at startup/logon.
2016-08-26T17:07:35: UCIsUpdaterEnabled : UpdaterIsEnabled.
2016-08-26T17:07:35: Updater has never been run on the machine.
2016-08-26T17:07:35: StartupUtility : Window is NOT Elapsed.
2016-08-26T17:07:35: <<< Adobe Updater Log End <<<


2016-08-26T18:26:26: >>> Adobe Updater Log Begin >>>
2016-08-26T18:26:26: Application Version: 2.0.0.22
2016-08-26T18:26:26: cmdline option: -logFile = /Users/P4/Library/Application Support/Adobe/AAMUpdater/1.0/aamul.log
2016-08-26T18:26:26: cmdline option: -logLevel = 2
2016-08-26T18:26:26: StartupUtility : Loaded at startup/logon.
2016-08-26T18:26:26: UCIsUpdaterEnabled : UpdaterIsEnabled.
2016-08-26T18:26:26: Updater has never been run on the machine.
2016-08-26T18:26:26: StartupUtility : Window is NOT Elapsed.
2016-08-26T18:26:26: <<< Adobe Updater Log End <<<


2016-08-29T18:28:00: >>> Adobe Updater Log Begin >>>
2016-08-29T18:28:00: Application Version: 2.0.0.22
2016-08-29T18:28:00: cmdline option: -logFile = /Users/P4/Library/Application Support/Adobe/AAMUpdater/1.0/aamul.log
2016-08-29T18:28:00: cmdline option: -logLevel = 2
2016-08-29T18:28:00: StartupUtility : Loaded at startup/logon.
2016-08-29T18:28:00: UCIsUpdaterEnabled : UpdaterIsEnabled.
2016-08-29T18:28:00: Updater has never been run on the machine.
2016-08-29T18:28:00: StartupUtility : Window is NOT Elapsed.
2016-08-29T18:28:00: <<< Adobe Updater Log End <<<


2016-08-31T17:06:57: >>> Adobe Updater Log Begin >>>
2016-08-31T17:06:57: Application Version: 2.0.0.22
2016-08-31T17:06:57: cmdline option: -logFile = /Users/P4/Library/Application Support/Adobe/AAMUpdater/1.0/aamul.log
2016-08-31T17:06:57: cmdline option: -logLevel = 2
2016-08-31T17:06:57: StartupUtility : Loaded at startup/logon.
2016-08-31T17:06:57: UCIsUpdaterEnabled : UpdaterIsEnabled.
2016-08-31T17:06:57: Updater has never been run on the machine.
2016-08-31T17:06:57: StartupUtility : Window is NOT Elapsed.
2016-08-31T17:06:57: <<< Adobe Updater Log End <<<


2016-08-31T18:13:54: >>> Adobe Updater Log Begin >>>
2016-08-31T18:13:54: Application Version: 2.0.0.22
2016-08-31T18:13:54: cmdline option: -logFile = /Users/P4/Library/Application Support/Adobe/AAMUpdater/1.0/aamul.log
2016-08-31T18:13:54: cmdline option: -logLevel = 2
2016-08-31T18:13:54: StartupUtility : Loaded at startup/logon.
2016-08-31T18:13:54: UCIsUpdaterEnabled : UpdaterIsEnabled.
2016-08-31T18:13:54: Updater has never been run on the machine.
2016-08-31T18:13:54: StartupUtility : Window is NOT Elapsed.
2016-08-31T18:13:54: <<< Adobe Updater Log End <<<


2016-09-02T17:06:57: >>> Adobe Updater Log Begin >>>
2016-09-02T17:06:57: Application Version: 2.0.0.22
2016-09-02T17:06:57: cmdline option: -logFile = /Users/P4/Library/Application Support/Adobe/AAMUpdater/1.0/aamul.log
2016-09-02T17:06:57: cmdline option: -logLevel = 2
2016-09-02T17:06:57: StartupUtility : Loaded at startup/logon.
2016-09-02T17:06:57: UCIsUpdaterEnabled : UpdaterIsEnabled.
2016-09-02T17:06:57: Updater has never been run on the machine.
2016-09-02T17:06:57: StartupUtility : Window is NOT Elapsed.
2016-09-02T17:06:57: <<< Adobe Updater Log End <<<


2016-09-12T18:28:29: >>> Adobe Updater Log Begin >>>
2016-09-12T18:28:29: Application Version: 2.0.0.22
2016-09-12T18:28:29: cmdline option: -logFile = /Users/P4/Library/Application Support/Adobe/AAMUpdater/1.0/aamul.log
2016-09-12T18:28:29: cmdline option: -logLevel = 2
2016-09-12T18:28:29: StartupUtility : Loaded at startup/logon.
2016-09-12T18:28:29: UCIsUpdaterEnabled : UpdaterIsEnabled.
2016-09-12T18:28:29: Updater has never been run on the machine.
2016-09-12T18:28:29: StartupUtility : Window is NOT Elapsed.
2016-09-12T18:28:29: <<< Adobe Updater Log End <<<


2016-09-14T17:06:18: >>> Adobe Updater Log Begin >>>
2016-09-14T17:06:18: Application Version: 2.0.0.22
2016-09-14T17:06:18: cmdline option: -logFile = /Users/P4/Library/Application Support/Adobe/AAMUpdater/1.0/aamul.log
2016-09-14T17:06:18: cmdline option: -logLevel = 2
2016-09-14T17:06:18: StartupUtility : Loaded at startup/logon.
2016-09-14T17:06:18: UCIsUpdaterEnabled : UpdaterIsEnabled.
2016-09-14T17:06:18: Updater has never been run on the machine.
2016-09-14T17:06:18: StartupUtility : Window is NOT Elapsed.
2016-09-14T17:06:18: <<< Adobe Updater Log End <<<


2016-09-16T17:05:48: >>> Adobe Updater Log Begin >>>
2016-09-16T17:05:48: Application Version: 2.0.0.22
2016-09-16T17:05:48: cmdline option: -logFile = /Users/P4/Library/Application Support/Adobe/AAMUpdater/1.0/aamul.log
2016-09-16T17:05:48: cmdline option: -logLevel = 2
2016-09-16T17:05:48: StartupUtility : Loaded at startup/logon.
2016-09-16T17:05:48: UCIsUpdaterEnabled : UpdaterIsEnabled.
2016-09-16T17:05:48: Updater has never been run on the machine.
2016-09-16T17:05:48: StartupUtility : Window is NOT Elapsed.
2016-09-16T17:05:48: <<< Adobe Updater Log End <<<


2016-09-19T18:27:43: >>> Adobe Updater Log Begin >>>
2016-09-19T18:27:43: Application Version: 2.0.0.22
2016-09-19T18:27:43: cmdline option: -logFile = /Users/P4/Library/Application Support/Adobe/AAMUpdater/1.0/aamul.log
2016-09-19T18:27:43: cmdline option: -logLevel = 2
2016-09-19T18:27:43: StartupUtility : Loaded at startup/logon.
2016-09-19T18:27:43: UCIsUpdaterEnabled : UpdaterIsEnabled.
2016-09-19T18:27:43: Updater has never been run on the machine.
2016-09-19T18:27:43: StartupUtility : Window is NOT Elapsed.
2016-09-19T18:27:43: <<< Adobe Updater Log End <<<


2016-09-21T17:07:15: >>> Adobe Updater Log Begin >>>
2016-09-21T17:07:15: Application Version: 2.0.0.22
2016-09-21T17:07:15: cmdline option: -logFile = /Users/P4/Library/Application Support/Adobe/AAMUpdater/1.0/aamul.log
2016-09-21T17:07:15: cmdline option: -logLevel = 2
2016-09-21T17:07:15: StartupUtility : Loaded at startup/logon.
2016-09-21T17:07:15: UCIsUpdaterEnabled : UpdaterIsEnabled.
2016-09-21T17:07:15: Updater has never been run on the machine.
2016-09-21T17:07:15: StartupUtility : Window is NOT Elapsed.
2016-09-21T17:07:15: <<< Adobe Updater Log End <<<


2016-09-23T17:06:09: >>> Adobe Updater Log Begin >>>
2016-09-23T17:06:09: Application Version: 2.0.0.22
2016-09-23T17:06:09: cmdline option: -logFile = /Users/P4/Library/Application Support/Adobe/AAMUpdater/1.0/aamul.log
2016-09-23T17:06:09: cmdline option: -logLevel = 2
2016-09-23T17:06:09: StartupUtility : Loaded at startup/logon.
2016-09-23T17:06:09: UCIsUpdaterEnabled : UpdaterIsEnabled.
2016-09-23T17:06:09: Updater has never been run on the machine.
2016-09-23T17:06:09: StartupUtility : Window is NOT Elapsed.
2016-09-23T17:06:09: <<< Adobe Updater Log End <<<


2016-09-26T18:27:30: >>> Adobe Updater Log Begin >>>
2016-09-26T18:27:30: Application Version: 2.0.0.22
2016-09-26T18:27:30: cmdline option: -logFile = /Users/P4/Library/Application Support/Adobe/AAMUpdater/1.0/aamul.log
2016-09-26T18:27:30: cmdline option: -logLevel = 2
2016-09-26T18:27:30: StartupUtility : Loaded at startup/logon.
2016-09-26T18:27:30: UCIsUpdaterEnabled : UpdaterIsEnabled.
2016-09-26T18:27:30: Updater has never been run on the machine.
2016-09-26T18:27:30: StartupUtility : Window is NOT Elapsed.
2016-09-26T18:27:30: <<< Adobe Updater Log End <<<


2016-09-28T17:07:00: >>> Adobe Updater Log Begin >>>
2016-09-28T17:07:00: Application Version: 2.0.0.22
2016-09-28T17:07:00: cmdline option: -logFile = /Users/P4/Library/Application Support/Adobe/AAMUpdater/1.0/aamul.log
2016-09-28T17:07:00: cmdline option: -logLevel = 2
2016-09-28T17:07:00: StartupUtility : Loaded at startup/logon.
2016-09-28T17:07:00: UCIsUpdaterEnabled : UpdaterIsEnabled.
2016-09-28T17:07:00: Updater has never been run on the machine.
2016-09-28T17:07:00: StartupUtility : Window is NOT Elapsed.
2016-09-28T17:07:00: <<< Adobe Updater Log End <<<


2016-09-30T17:07:03: >>> Adobe Updater Log Begin >>>
2016-09-30T17:07:03: Application Version: 2.0.0.22
2016-09-30T17:07:03: cmdline option: -logFile = /Users/P4/Library/Application Support/Adobe/AAMUpdater/1.0/aamul.log
2016-09-30T17:07:03: cmdline option: -logLevel = 2
2016-09-30T17:07:03: StartupUtility : Loaded at startup/logon.
2016-09-30T17:07:03: UCIsUpdaterEnabled : UpdaterIsEnabled.
2016-09-30T17:07:03: Updater has never been run on the machine.
2016-09-30T17:07:03: StartupUtility : Window is NOT Elapsed.
2016-09-30T17:07:03: <<< Adobe Updater Log End <<<


2016-10-03T17:07:40: >>> Adobe Updater Log Begin >>>
2016-10-03T17:07:40: Application Version: 2.0.0.22
2016-10-03T17:07:40: cmdline option: -logFile = /Users/P4/Library/Application Support/Adobe/AAMUpdater/1.0/aamul.log
2016-10-03T17:07:40: cmdline option: -logLevel = 2
2016-10-03T17:07:40: StartupUtility : Loaded at startup/logon.
2016-10-03T17:07:40: UCIsUpdaterEnabled : UpdaterIsEnabled.
2016-10-03T17:07:40: Updater has never been run on the machine.
2016-10-03T17:07:40: StartupUtility : Window is NOT Elapsed.
2016-10-03T17:07:40: <<< Adobe Updater Log End <<<


2016-10-05T17:06:56: >>> Adobe Updater Log Begin >>>
2016-10-05T17:06:56: Application Version: 2.0.0.22
2016-10-05T17:06:56: cmdline option: -logFile = /Users/P4/Library/Application Support/Adobe/AAMUpdater/1.0/aamul.log
2016-10-05T17:06:56: cmdline option: -logLevel = 2
2016-10-05T17:06:56: StartupUtility : Loaded at startup/logon.
2016-10-05T17:06:56: UCIsUpdaterEnabled : UpdaterIsEnabled.
2016-10-05T17:06:56: Updater has never been run on the machine.
2016-10-05T17:06:56: StartupUtility : Window is NOT Elapsed.
2016-10-05T17:06:56: <<< Adobe Updater Log End <<<


2016-10-07T17:39:28: >>> Adobe Updater Log Begin >>>
2016-10-07T17:39:28: Application Version: 2.0.0.22
2016-10-07T17:39:29: cmdline option: -logFile = /Users/P4/Library/Application Support/Adobe/AAMUpdater/1.0/aamul.log
2016-10-07T17:39:29: cmdline option: -logLevel = 2
2016-10-07T17:39:29: StartupUtility : Loaded at startup/logon.
2016-10-07T17:39:29: UCIsUpdaterEnabled : UpdaterIsEnabled.
2016-10-07T17:39:29: Updater has never been run on the machine.
2016-10-07T17:39:29: StartupUtility : Window is NOT Elapsed.
2016-10-07T17:39:29: <<< Adobe Updater Log End <<<


2016-10-12T17:07:46: >>> Adobe Updater Log Begin >>>
2016-10-12T17:07:46: Application Version: 2.0.0.22
2016-10-12T17:07:47: cmdline option: -logFile = /Users/P4/Library/Application Support/Adobe/AAMUpdater/1.0/aamul.log
2016-10-12T17:07:47: cmdline option: -logLevel = 2
2016-10-12T17:07:47: StartupUtility : Loaded at startup/logon.
2016-10-12T17:07:47: UCIsUpdaterEnabled : UpdaterIsEnabled.
2016-10-12T17:07:47: Updater has never been run on the machine.
2016-10-12T17:07:47: StartupUtility : Window is NOT Elapsed.
2016-10-12T17:07:47: <<< Adobe Updater Log End <<<


2016-10-12T19:06:47: >>> Adobe Updater Log Begin >>>
2016-10-12T19:06:47: Application Version: 2.0.0.22
2016-10-12T19:06:47: cmdline option: -logFile = /Users/P4/Library/Application Support/Adobe/AAMUpdater/1.0/aamul.log
2016-10-12T19:06:47: cmdline option: -logLevel = 2
2016-10-12T19:06:47: StartupUtility : Loaded at startup/logon.
2016-10-12T19:06:47: UCIsUpdaterEnabled : UpdaterIsEnabled.
2016-10-12T19:06:47: Updater has never been run on the machine.
2016-10-12T19:06:47: StartupUtility : Window is NOT Elapsed.
2016-10-12T19:06:47: <<< Adobe Updater Log End <<<


2016-10-14T17:06:58: >>> Adobe Updater Log Begin >>>
2016-10-14T17:06:58: Application Version: 2.0.0.22
2016-10-14T17:06:58: cmdline option: -logFile = /Users/P4/Library/Application Support/Adobe/AAMUpdater/1.0/aamul.log
2016-10-14T17:06:58: cmdline option: -logLevel = 2
2016-10-14T17:06:58: StartupUtility : Loaded at startup/logon.
2016-10-14T17:06:58: UCIsUpdaterEnabled : UpdaterIsEnabled.
2016-10-14T17:06:58: Updater has never been run on the machine.
2016-10-14T17:06:58: StartupUtility : Window is NOT Elapsed.
2016-10-14T17:06:58: <<< Adobe Updater Log End <<<


2016-10-17T18:29:21: >>> Adobe Updater Log Begin >>>
2016-10-17T18:29:21: Application Version: 2.0.0.22
2016-10-17T18:29:21: cmdline option: -logFile = /Users/P4/Library/Application Support/Adobe/AAMUpdater/1.0/aamul.log
2016-10-17T18:29:21: cmdline option: -logLevel = 2
2016-10-17T18:29:21: StartupUtility : Loaded at startup/logon.
2016-10-17T18:29:21: UCIsUpdaterEnabled : UpdaterIsEnabled.
2016-10-17T18:29:21: Updater has never been run on the machine.
2016-10-17T18:29:21: StartupUtility : Window is NOT Elapsed.
2016-10-17T18:29:21: <<< Adobe Updater Log End <<<


2016-10-17T18:33:45: >>> Adobe Updater Log Begin >>>
2016-10-17T18:33:45: Application Version: 2.0.0.22
2016-10-17T18:33:45: cmdline option: -logFile = /Users/P4/Library/Application Support/Adobe/AAMUpdater/1.0/aamul.log
2016-10-17T18:33:45: cmdline option: -logLevel = 2
2016-10-17T18:33:45: StartupUtility : Loaded at startup/logon.
2016-10-17T18:33:45: UCIsUpdaterEnabled : UpdaterIsEnabled.
2016-10-17T18:33:45: Updater has never been run on the machine.
2016-10-17T18:33:45: StartupUtility : Window is NOT Elapsed.
2016-10-17T18:33:45: <<< Adobe Updater Log End <<<


2016-10-17T18:44:45: >>> Adobe Updater Log Begin >>>
2016-10-17T18:44:45: Application Version: 2.0.0.22
2016-10-17T18:44:45: cmdline option: -logFile = /Users/P4/Library/Application Support/Adobe/AAMUpdater/1.0/aamul.log
2016-10-17T18:44:45: cmdline option: -logLevel = 2
2016-10-17T18:44:45: StartupUtility : Loaded at startup/logon.
2016-10-17T18:44:45: UCIsUpdaterEnabled : UpdaterIsEnabled.
2016-10-17T18:44:45: Updater has never been run on the machine.
2016-10-17T18:44:45: StartupUtility : Window is NOT Elapsed.
2016-10-17T18:44:45: <<< Adobe Updater Log End <<<


2016-10-19T17:10:58: >>> Adobe Updater Log Begin >>>
2016-10-19T17:10:58: Application Version: 2.0.0.22
2016-10-19T17:10:58: cmdline option: -logFile = /Users/P4/Library/Application Support/Adobe/AAMUpdater/1.0/aamul.log
2016-10-19T17:10:58: cmdline option: -logLevel = 2
2016-10-19T17:10:58: StartupUtility : Loaded at startup/logon.
2016-10-19T17:10:58: UCIsUpdaterEnabled : UpdaterIsEnabled.
2016-10-19T17:10:58: Updater has never been run on the machine.
2016-10-19T17:10:58: StartupUtility : Window is NOT Elapsed.
2016-10-19T17:10:58: <<< Adobe Updater Log End <<<


2016-10-19T17:40:11: >>> Adobe Updater Log Begin >>>
2016-10-19T17:40:11: Application Version: 2.0.0.22
2016-10-19T17:40:11: cmdline option: -logFile = /Users/P4/Library/Application Support/Adobe/AAMUpdater/1.0/aamul.log
2016-10-19T17:40:11: cmdline option: -logLevel = 2
2016-10-19T17:40:11: StartupUtility : Loaded at startup/logon.
2016-10-19T17:40:11: UCIsUpdaterEnabled : UpdaterIsEnabled.
2016-10-19T17:40:11: Updater has never been run on the machine.
2016-10-19T17:40:11: StartupUtility : Window is NOT Elapsed.
2016-10-19T17:40:11: <<< Adobe Updater Log End <<<


2016-10-21T17:07:03: >>> Adobe Updater Log Begin >>>
2016-10-21T17:07:03: Application Version: 2.0.0.22
2016-10-21T17:07:03: cmdline option: -logFile = /Users/P4/Library/Application Support/Adobe/AAMUpdater/1.0/aamul.log
2016-10-21T17:07:03: cmdline option: -logLevel = 2
2016-10-21T17:07:03: StartupUtility : Loaded at startup/logon.
2016-10-21T17:07:03: UCIsUpdaterEnabled : UpdaterIsEnabled.
2016-10-21T17:07:03: Updater has never been run on the machine.
2016-10-21T17:07:03: StartupUtility : Window is NOT Elapsed.
2016-10-21T17:07:03: <<< Adobe Updater Log End <<<


2016-10-24T17:06:52: >>> Adobe Updater Log Begin >>>
2016-10-24T17:06:52: Application Version: 2.0.0.22
2016-10-24T17:06:52: cmdline option: -logFile = /Users/P4/Library/Application Support/Adobe/AAMUpdater/1.0/aamul.log
2016-10-24T17:06:52: cmdline option: -logLevel = 2
2016-10-24T17:06:52: StartupUtility : Loaded at startup/logon.
2016-10-24T17:06:52: UCIsUpdaterEnabled : UpdaterIsEnabled.
2016-10-24T17:06:52: Updater has never been run on the machine.
2016-10-24T17:06:52: StartupUtility : Window is NOT Elapsed.
2016-10-24T17:06:52: <<< Adobe Updater Log End <<<


2016-10-26T17:07:26: >>> Adobe Updater Log Begin >>>
2016-10-26T17:07:26: Application Version: 2.0.0.22
2016-10-26T17:07:26: cmdline option: -logFile = /Users/P4/Library/Application Support/Adobe/AAMUpdater/1.0/aamul.log
2016-10-26T17:07:26: cmdline option: -logLevel = 2
2016-10-26T17:07:26: StartupUtility : Loaded at startup/logon.
2016-10-26T17:07:26: UCIsUpdaterEnabled : UpdaterIsEnabled.
2016-10-26T17:07:26: Updater has never been run on the machine.
2016-10-26T17:07:26: StartupUtility : Window is NOT Elapsed.
2016-10-26T17:07:26: <<< Adobe Updater Log End <<<


2016-10-28T18:10:31: >>> Adobe Updater Log Begin >>>
2016-10-28T18:10:31: Application Version: 2.0.0.22
2016-10-28T18:10:31: cmdline option: -logFile = /Users/P4/Library/Application Support/Adobe/AAMUpdater/1.0/aamul.log
2016-10-28T18:10:31: cmdline option: -logLevel = 2
2016-10-28T18:10:31: StartupUtility : Loaded at startup/logon.
2016-10-28T18:10:31: UCIsUpdaterEnabled : UpdaterIsEnabled.
2016-10-28T18:10:31: Updater has never been run on the machine.
2016-10-28T18:10:31: StartupUtility : Window is NOT Elapsed.
2016-10-28T18:10:31: <<< Adobe Updater Log End <<<


2016-10-31T18:27:31: >>> Adobe Updater Log Begin >>>
2016-10-31T18:27:31: Application Version: 2.0.0.22
2016-10-31T18:27:31: cmdline option: -logFile = /Users/P4/Library/Application Support/Adobe/AAMUpdater/1.0/aamul.log
2016-10-31T18:27:31: cmdline option: -logLevel = 2
2016-10-31T18:27:31: StartupUtility : Loaded at startup/logon.
2016-10-31T18:27:31: UCIsUpdaterEnabled : UpdaterIsEnabled.
2016-10-31T18:27:31: Updater has never been run on the machine.
2016-10-31T18:27:31: StartupUtility : Window is NOT Elapsed.
2016-10-31T18:27:31: <<< Adobe Updater Log End <<<


2016-11-02T17:08:38: >>> Adobe Updater Log Begin >>>
2016-11-02T17:08:38: Application Version: 2.0.0.22
2016-11-02T17:08:38: cmdline option: -logFile = /Users/P4/Library/Application Support/Adobe/AAMUpdater/1.0/aamul.log
2016-11-02T17:08:38: cmdline option: -logLevel = 2
2016-11-02T17:08:38: StartupUtility : Loaded at startup/logon.
2016-11-02T17:08:38: UCIsUpdaterEnabled : UpdaterIsEnabled.
2016-11-02T17:08:38: Updater has never been run on the machine.
2016-11-02T17:08:38: StartupUtility : Window is NOT Elapsed.
2016-11-02T17:08:38: <<< Adobe Updater Log End <<<


2016-11-07T18:12:00: >>> Adobe Updater Log Begin >>>
2016-11-07T18:12:00: Application Version: 2.0.0.22
2016-11-07T18:12:00: cmdline option: -logFile = /Users/P4/Library/Application Support/Adobe/AAMUpdater/1.0/aamul.log
2016-11-07T18:12:00: cmdline option: -logLevel = 2
2016-11-07T18:12:00: StartupUtility : Loaded at startup/logon.
2016-11-07T18:12:00: UCIsUpdaterEnabled : UpdaterIsEnabled.
2016-11-07T18:12:01: Scheduled check window has elapsed 
2016-11-07T18:12:01: StartupUtility : Window is Elapsed and going to launch PDApp.
2016-11-07T18:12:01: StartupUtility: Calling LaunchExecutable for exe  = /Library/Application Support/Adobe/OOBE/PDApp/UWA/AAM Updates Notifier.app/Contents/MacOS/AAM Updates Notifier
2016-11-07T18:12:01: <<< Adobe Updater Log End <<<


2016-11-09T18:08:04: >>> Adobe Updater Log Begin >>>
2016-11-09T18:08:04: Application Version: 2.0.0.22
2016-11-09T18:08:04: cmdline option: -logFile = /Users/P4/Library/Application Support/Adobe/AAMUpdater/1.0/aamul.log
2016-11-09T18:08:04: cmdline option: -logLevel = 2
2016-11-09T18:08:04: StartupUtility : Loaded at startup/logon.
2016-11-09T18:08:04: UCIsUpdaterEnabled : UpdaterIsEnabled.
2016-11-09T18:08:04: Scheduled check window has elapsed 
2016-11-09T18:08:04: StartupUtility : Window is Elapsed and going to launch PDApp.
2016-11-09T18:08:04: StartupUtility: Calling LaunchExecutable for exe  = /Library/Application Support/Adobe/OOBE/PDApp/UWA/AAM Updates Notifier.app/Contents/MacOS/AAM Updates Notifier
2016-11-09T18:08:04: <<< Adobe Updater Log End <<<


2016-11-09T20:05:33: >>> Adobe Updater Log Begin >>>
2016-11-09T20:05:33: Application Version: 2.0.0.22
2016-11-09T20:05:33: cmdline option: -logFile = /Users/P4/Library/Application Support/Adobe/AAMUpdater/1.0/aamul.log
2016-11-09T20:05:33: cmdline option: -logLevel = 2
2016-11-09T20:05:33: StartupUtility : Loaded at startup/logon.
2016-11-09T20:05:33: UCIsUpdaterEnabled : UpdaterIsEnabled.
2016-11-09T20:05:33: Scheduled check window has not yet elapsed 
2016-11-09T20:05:33: StartupUtility : Window is NOT Elapsed.
2016-11-09T20:05:33: <<< Adobe Updater Log End <<<


2016-11-14T19:29:25: >>> Adobe Updater Log Begin >>>
2016-11-14T19:29:25: Application Version: 2.0.0.22
2016-11-14T19:29:25: cmdline option: -logFile = /Users/P4/Library/Application Support/Adobe/AAMUpdater/1.0/aamul.log
2016-11-14T19:29:25: cmdline option: -logLevel = 2
2016-11-14T19:29:25: StartupUtility : Loaded at startup/logon.
2016-11-14T19:29:25: UCIsUpdaterEnabled : UpdaterIsEnabled.
2016-11-14T19:29:25: Scheduled check window has elapsed 
2016-11-14T19:29:25: StartupUtility : Window is Elapsed and going to launch PDApp.
2016-11-14T19:29:25: StartupUtility: Calling LaunchExecutable for exe  = /Library/Application Support/Adobe/OOBE/PDApp/UWA/AAM Updates Notifier.app/Contents/MacOS/AAM Updates Notifier
2016-11-14T19:29:28: <<< Adobe Updater Log End <<<


2016-11-14T19:52:57: >>> Adobe Updater Log Begin >>>
2016-11-14T19:52:57: Application Version: 2.0.0.22
2016-11-14T19:52:57: cmdline option: -logFile = /Users/P4/Library/Application Support/Adobe/AAMUpdater/1.0/aamul.log
2016-11-14T19:52:57: cmdline option: -logLevel = 2
2016-11-14T19:52:57: StartupUtility : Loaded at startup/logon.
2016-11-14T19:52:57: UCIsUpdaterEnabled : UpdaterIsEnabled.
2016-11-14T19:52:57: Scheduled check window has not yet elapsed 
2016-11-14T19:52:57: StartupUtility : Window is NOT Elapsed.
2016-11-14T19:52:57: <<< Adobe Updater Log End <<<


2016-11-16T18:09:43: >>> Adobe Updater Log Begin >>>
2016-11-16T18:09:43: Application Version: 2.0.0.22
2016-11-16T18:09:43: cmdline option: -logFile = /Users/P4/Library/Application Support/Adobe/AAMUpdater/1.0/aamul.log
2016-11-16T18:09:43: cmdline option: -logLevel = 2
2016-11-16T18:09:43: StartupUtility : Loaded at startup/logon.
2016-11-16T18:09:43: UCIsUpdaterEnabled : UpdaterIsEnabled.
2016-11-16T18:09:43: Scheduled check window has elapsed 
2016-11-16T18:09:43: StartupUtility : Window is Elapsed and going to launch PDApp.
2016-11-16T18:09:43: StartupUtility: Calling LaunchExecutable for exe  = /Library/Application Support/Adobe/OOBE/PDApp/UWA/AAM Updates Notifier.app/Contents/MacOS/AAM Updates Notifier
2016-11-16T18:09:43: <<< Adobe Updater Log End <<<


2016-11-18T18:06:48: >>> Adobe Updater Log Begin >>>
2016-11-18T18:06:48: Application Version: 2.0.0.22
2016-11-18T18:06:48: cmdline option: -logFile = /Users/P4/Library/Application Support/Adobe/AAMUpdater/1.0/aamul.log
2016-11-18T18:06:48: cmdline option: -logLevel = 2
2016-11-18T18:06:48: StartupUtility : Loaded at startup/logon.
2016-11-18T18:06:48: UCIsUpdaterEnabled : UpdaterIsEnabled.
2016-11-18T18:06:48: Scheduled check window has elapsed 
2016-11-18T18:06:48: StartupUtility : Window is Elapsed and going to launch PDApp.
2016-11-18T18:06:48: StartupUtility: Calling LaunchExecutable for exe  = /Library/Application Support/Adobe/OOBE/PDApp/UWA/AAM Updates Notifier.app/Contents/MacOS/AAM Updates Notifier
2016-11-18T18:06:51: <<< Adobe Updater Log End <<<


2016-11-18T19:48:50: >>> Adobe Updater Log Begin >>>
2016-11-18T19:48:50: Application Version: 2.0.0.22
2016-11-18T19:48:50: cmdline option: -logFile = /Users/P4/Library/Application Support/Adobe/AAMUpdater/1.0/aamul.log
2016-11-18T19:48:50: cmdline option: -logLevel = 2
2016-11-18T19:48:50: StartupUtility : Loaded at startup/logon.
2016-11-18T19:48:50: UCIsUpdaterEnabled : UpdaterIsEnabled.
2016-11-18T19:48:50: Scheduled check window has not yet elapsed 
2016-11-18T19:48:50: StartupUtility : Window is NOT Elapsed.
2016-11-18T19:48:50: <<< Adobe Updater Log End <<<


2016-11-28T19:27:51: >>> Adobe Updater Log Begin >>>
2016-11-28T19:27:51: Application Version: 2.0.0.22
2016-11-28T19:27:51: cmdline option: -logFile = /Users/P4/Library/Application Support/Adobe/AAMUpdater/1.0/aamul.log
2016-11-28T19:27:51: cmdline option: -logLevel = 2
2016-11-28T19:27:51: StartupUtility : Loaded at startup/logon.
2016-11-28T19:27:51: UCIsUpdaterEnabled : UpdaterIsEnabled.
2016-11-28T19:27:51: Scheduled check window has elapsed 
2016-11-28T19:27:51: StartupUtility : Window is Elapsed and going to launch PDApp.
2016-11-28T19:27:51: StartupUtility: Calling LaunchExecutable for exe  = /Library/Application Support/Adobe/OOBE/PDApp/UWA/AAM Updates Notifier.app/Contents/MacOS/AAM Updates Notifier
2016-11-28T19:27:51: <<< Adobe Updater Log End <<<


2016-11-30T18:05:56: >>> Adobe Updater Log Begin >>>
2016-11-30T18:05:56: Application Version: 2.0.0.22
2016-11-30T18:05:56: cmdline option: -logFile = /Users/P4/Library/Application Support/Adobe/AAMUpdater/1.0/aamul.log
2016-11-30T18:05:56: cmdline option: -logLevel = 2
2016-11-30T18:05:56: StartupUtility : Loaded at startup/logon.
2016-11-30T18:05:56: UCIsUpdaterEnabled : UpdaterIsEnabled.
2016-11-30T18:05:56: Scheduled check window has elapsed 
2016-11-30T18:05:56: StartupUtility : Window is Elapsed and going to launch PDApp.
2016-11-30T18:05:56: StartupUtility: Calling LaunchExecutable for exe  = /Library/Application Support/Adobe/OOBE/PDApp/UWA/AAM Updates Notifier.app/Contents/MacOS/AAM Updates Notifier
2016-11-30T18:05:56: <<< Adobe Updater Log End <<<


2016-12-02T18:05:59: >>> Adobe Updater Log Begin >>>
2016-12-02T18:05:59: Application Version: 2.0.0.22
2016-12-02T18:05:59: cmdline option: -logFile = /Users/P4/Library/Application Support/Adobe/AAMUpdater/1.0/aamul.log
2016-12-02T18:05:59: cmdline option: -logLevel = 2
2016-12-02T18:05:59: StartupUtility : Loaded at startup/logon.
2016-12-02T18:05:59: UCIsUpdaterEnabled : UpdaterIsEnabled.
2016-12-02T18:05:59: Scheduled check window has elapsed 
2016-12-02T18:05:59: StartupUtility : Window is Elapsed and going to launch PDApp.
2016-12-02T18:05:59: StartupUtility: Calling LaunchExecutable for exe  = /Library/Application Support/Adobe/OOBE/PDApp/UWA/AAM Updates Notifier.app/Contents/MacOS/AAM Updates Notifier
2016-12-02T18:05:59: <<< Adobe Updater Log End <<<


2016-12-02T19:55:38: >>> Adobe Updater Log Begin >>>
2016-12-02T19:55:38: Application Version: 2.0.0.22
2016-12-02T19:55:38: cmdline option: -logFile = /Users/P4/Library/Application Support/Adobe/AAMUpdater/1.0/aamul.log
2016-12-02T19:55:38: cmdline option: -logLevel = 2
2016-12-02T19:55:38: StartupUtility : Loaded at startup/logon.
2016-12-02T19:55:38: UCIsUpdaterEnabled : UpdaterIsEnabled.
2016-12-02T19:55:38: Scheduled check window has not yet elapsed 
2016-12-02T19:55:38: StartupUtility : Window is NOT Elapsed.
2016-12-02T19:55:38: <<< Adobe Updater Log End <<<


2016-12-05T18:06:23: >>> Adobe Updater Log Begin >>>
2016-12-05T18:06:23: Application Version: 2.0.0.22
2016-12-05T18:06:23: cmdline option: -logFile = /Users/P4/Library/Application Support/Adobe/AAMUpdater/1.0/aamul.log
2016-12-05T18:06:23: cmdline option: -logLevel = 2
2016-12-05T18:06:23: StartupUtility : Loaded at startup/logon.
2016-12-05T18:06:23: UCIsUpdaterEnabled : UpdaterIsEnabled.
2016-12-05T18:06:23: Scheduled check window has elapsed 
2016-12-05T18:06:23: StartupUtility : Window is Elapsed and going to launch PDApp.
2016-12-05T18:06:23: StartupUtility: Calling LaunchExecutable for exe  = /Library/Application Support/Adobe/OOBE/PDApp/UWA/AAM Updates Notifier.app/Contents/MacOS/AAM Updates Notifier
2016-12-05T18:06:24: <<< Adobe Updater Log End <<<


2016-12-07T18:06:17: >>> Adobe Updater Log Begin >>>
2016-12-07T18:06:17: Application Version: 2.0.0.22
2016-12-07T18:06:17: cmdline option: -logFile = /Users/P4/Library/Application Support/Adobe/AAMUpdater/1.0/aamul.log
2016-12-07T18:06:17: cmdline option: -logLevel = 2
2016-12-07T18:06:17: StartupUtility : Loaded at startup/logon.
2016-12-07T18:06:17: UCIsUpdaterEnabled : UpdaterIsEnabled.
2016-12-07T18:06:17: Scheduled check window has elapsed 
2016-12-07T18:06:17: StartupUtility : Window is Elapsed and going to launch PDApp.
2016-12-07T18:06:17: StartupUtility: Calling LaunchExecutable for exe  = /Library/Application Support/Adobe/OOBE/PDApp/UWA/AAM Updates Notifier.app/Contents/MacOS/AAM Updates Notifier
2016-12-07T18:06:17: <<< Adobe Updater Log End <<<


2016-12-09T18:41:27: >>> Adobe Updater Log Begin >>>
2016-12-09T18:41:27: Application Version: 2.0.0.22
2016-12-09T18:41:27: cmdline option: -logFile = /Users/P4/Library/Application Support/Adobe/AAMUpdater/1.0/aamul.log
2016-12-09T18:41:27: cmdline option: -logLevel = 2
2016-12-09T18:41:27: StartupUtility : Loaded at startup/logon.
2016-12-09T18:41:27: UCIsUpdaterEnabled : UpdaterIsEnabled.
2016-12-09T18:41:27: Scheduled check window has elapsed 
2016-12-09T18:41:27: StartupUtility : Window is Elapsed and going to launch PDApp.
2016-12-09T18:41:27: StartupUtility: Calling LaunchExecutable for exe  = /Library/Application Support/Adobe/OOBE/PDApp/UWA/AAM Updates Notifier.app/Contents/MacOS/AAM Updates Notifier
2016-12-09T18:41:27: <<< Adobe Updater Log End <<<


2016-12-14T18:06:44: >>> Adobe Updater Log Begin >>>
2016-12-14T18:06:44: Application Version: 2.0.0.22
2016-12-14T18:06:44: cmdline option: -logFile = /Users/P4/Library/Application Support/Adobe/AAMUpdater/1.0/aamul.log
2016-12-14T18:06:44: cmdline option: -logLevel = 2
2016-12-14T18:06:44: StartupUtility : Loaded at startup/logon.
2016-12-14T18:06:44: UCIsUpdaterEnabled : UpdaterIsEnabled.
2016-12-14T18:06:44: Scheduled check window has elapsed 
2016-12-14T18:06:44: StartupUtility : Window is Elapsed and going to launch PDApp.
2016-12-14T18:06:44: StartupUtility: Calling LaunchExecutable for exe  = /Library/Application Support/Adobe/OOBE/PDApp/UWA/AAM Updates Notifier.app/Contents/MacOS/AAM Updates Notifier
2016-12-14T18:06:44: <<< Adobe Updater Log End <<<


2016-12-16T18:11:15: >>> Adobe Updater Log Begin >>>
2016-12-16T18:11:15: Application Version: 2.0.0.22
2016-12-16T18:11:15: cmdline option: -logFile = /Users/P4/Library/Application Support/Adobe/AAMUpdater/1.0/aamul.log
2016-12-16T18:11:15: cmdline option: -logLevel = 2
2016-12-16T18:11:15: StartupUtility : Loaded at startup/logon.
2016-12-16T18:11:15: UCIsUpdaterEnabled : UpdaterIsEnabled.
2016-12-16T18:11:15: Scheduled check window has elapsed 
2016-12-16T18:11:15: StartupUtility : Window is Elapsed and going to launch PDApp.
2016-12-16T18:11:15: StartupUtility: Calling LaunchExecutable for exe  = /Library/Application Support/Adobe/OOBE/PDApp/UWA/AAM Updates Notifier.app/Contents/MacOS/AAM Updates Notifier
2016-12-16T18:11:15: <<< Adobe Updater Log End <<<


2016-12-19T19:09:38: >>> Adobe Updater Log Begin >>>
2016-12-19T19:09:38: Application Version: 2.0.0.22
2016-12-19T19:09:38: cmdline option: -logFile = /Users/P4/Library/Application Support/Adobe/AAMUpdater/1.0/aamul.log
2016-12-19T19:09:38: cmdline option: -logLevel = 2
2016-12-19T19:09:38: StartupUtility : Loaded at startup/logon.
2016-12-19T19:09:38: UCIsUpdaterEnabled : UpdaterIsEnabled.
2016-12-19T19:09:38: Scheduled check window has elapsed 
2016-12-19T19:09:38: StartupUtility : Window is Elapsed and going to launch PDApp.
2016-12-19T19:09:38: StartupUtility: Calling LaunchExecutable for exe  = /Library/Application Support/Adobe/OOBE/PDApp/UWA/AAM Updates Notifier.app/Contents/MacOS/AAM Updates Notifier
2016-12-19T19:09:38: <<< Adobe Updater Log End <<<


2016-12-21T18:06:33: >>> Adobe Updater Log Begin >>>
2016-12-21T18:06:33: Application Version: 2.0.0.22
2016-12-21T18:06:33: cmdline option: -logFile = /Users/P4/Library/Application Support/Adobe/AAMUpdater/1.0/aamul.log
2016-12-21T18:06:33: cmdline option: -logLevel = 2
2016-12-21T18:06:33: StartupUtility : Loaded at startup/logon.
2016-12-21T18:06:33: UCIsUpdaterEnabled : UpdaterIsEnabled.
2016-12-21T18:06:33: Scheduled check window has elapsed 
2016-12-21T18:06:33: StartupUtility : Window is Elapsed and going to launch PDApp.
2016-12-21T18:06:33: StartupUtility: Calling LaunchExecutable for exe  = /Library/Application Support/Adobe/OOBE/PDApp/UWA/AAM Updates Notifier.app/Contents/MacOS/AAM Updates Notifier
2016-12-21T18:06:33: <<< Adobe Updater Log End <<<


2017-01-11T18:07:40: >>> Adobe Updater Log Begin >>>
2017-01-11T18:07:40: Application Version: 2.0.0.22
2017-01-11T18:07:40: cmdline option: -logFile = /Users/P4/Library/Application Support/Adobe/AAMUpdater/1.0/aamul.log
2017-01-11T18:07:40: cmdline option: -logLevel = 2
2017-01-11T18:07:40: StartupUtility : Loaded at startup/logon.
2017-01-11T18:07:40: UCIsUpdaterEnabled : UpdaterIsEnabled.
2017-01-11T18:07:40: Scheduled check window has elapsed 
2017-01-11T18:07:40: StartupUtility : Window is Elapsed and going to launch PDApp.
2017-01-11T18:07:40: StartupUtility: Calling LaunchExecutable for exe  = /Library/Application Support/Adobe/OOBE/PDApp/UWA/AAM Updates Notifier.app/Contents/MacOS/AAM Updates Notifier
2017-01-11T18:07:40: <<< Adobe Updater Log End <<<


2017-01-13T18:06:45: >>> Adobe Updater Log Begin >>>
2017-01-13T18:06:45: Application Version: 2.0.0.22
2017-01-13T18:06:45: cmdline option: -logFile = /Users/P4/Library/Application Support/Adobe/AAMUpdater/1.0/aamul.log
2017-01-13T18:06:45: cmdline option: -logLevel = 2
2017-01-13T18:06:45: StartupUtility : Loaded at startup/logon.
2017-01-13T18:06:45: UCIsUpdaterEnabled : UpdaterIsEnabled.
2017-01-13T18:06:45: Scheduled check window has elapsed 
2017-01-13T18:06:45: StartupUtility : Window is Elapsed and going to launch PDApp.
2017-01-13T18:06:45: StartupUtility: Calling LaunchExecutable for exe  = /Library/Application Support/Adobe/OOBE/PDApp/UWA/AAM Updates Notifier.app/Contents/MacOS/AAM Updates Notifier
2017-01-13T18:06:52: <<< Adobe Updater Log End <<<


2017-01-18T18:05:43: >>> Adobe Updater Log Begin >>>
2017-01-18T18:05:43: Application Version: 2.0.0.22
2017-01-18T18:05:43: cmdline option: -logFile = /Users/P4/Library/Application Support/Adobe/AAMUpdater/1.0/aamul.log
2017-01-18T18:05:43: cmdline option: -logLevel = 2
2017-01-18T18:05:43: StartupUtility : Loaded at startup/logon.
2017-01-18T18:05:43: UCIsUpdaterEnabled : UpdaterIsEnabled.
2017-01-18T18:05:43: Scheduled check window has elapsed 
2017-01-18T18:05:43: StartupUtility : Window is Elapsed and going to launch PDApp.
2017-01-18T18:05:43: StartupUtility: Calling LaunchExecutable for exe  = /Library/Application Support/Adobe/OOBE/PDApp/UWA/AAM Updates Notifier.app/Contents/MacOS/AAM Updates Notifier
2017-01-18T18:05:43: <<< Adobe Updater Log End <<<


2017-01-19T19:10:27: >>> Adobe Updater Log Begin >>>
2017-01-19T19:10:27: Application Version: 2.0.0.22
2017-01-19T19:10:27: cmdline option: -logFile = /Users/P4/Library/Application Support/Adobe/AAMUpdater/1.0/aamul.log
2017-01-19T19:10:27: cmdline option: -logLevel = 2
2017-01-19T19:10:27: StartupUtility : Loaded at startup/logon.
2017-01-19T19:10:27: UCIsUpdaterEnabled : UpdaterIsEnabled.
2017-01-19T19:10:27: Scheduled check window has elapsed 
2017-01-19T19:10:27: StartupUtility : Window is Elapsed and going to launch PDApp.
2017-01-19T19:10:27: StartupUtility: Calling LaunchExecutable for exe  = /Library/Application Support/Adobe/OOBE/PDApp/UWA/AAM Updates Notifier.app/Contents/MacOS/AAM Updates Notifier
2017-01-19T19:10:27: <<< Adobe Updater Log End <<<


2017-01-20T18:55:11: >>> Adobe Updater Log Begin >>>
2017-01-20T18:55:11: Application Version: 2.0.0.22
2017-01-20T18:55:11: cmdline option: -logFile = /Users/P4/Library/Application Support/Adobe/AAMUpdater/1.0/aamul.log
2017-01-20T18:55:11: cmdline option: -logLevel = 2
2017-01-20T18:55:11: StartupUtility : Loaded at startup/logon.
2017-01-20T18:55:11: UCIsUpdaterEnabled : UpdaterIsEnabled.
2017-01-20T18:55:11: Scheduled check window has elapsed 
2017-01-20T18:55:11: StartupUtility : Window is Elapsed and going to launch PDApp.
2017-01-20T18:55:11: StartupUtility: Calling LaunchExecutable for exe  = /Library/Application Support/Adobe/OOBE/PDApp/UWA/AAM Updates Notifier.app/Contents/MacOS/AAM Updates Notifier
2017-01-20T18:55:11: <<< Adobe Updater Log End <<<


2017-01-23T18:05:49: >>> Adobe Updater Log Begin >>>
2017-01-23T18:05:49: Application Version: 2.0.0.22
2017-01-23T18:05:49: cmdline option: -logFile = /Users/P4/Library/Application Support/Adobe/AAMUpdater/1.0/aamul.log
2017-01-23T18:05:49: cmdline option: -logLevel = 2
2017-01-23T18:05:49: StartupUtility : Loaded at startup/logon.
2017-01-23T18:05:49: UCIsUpdaterEnabled : UpdaterIsEnabled.
2017-01-23T18:05:49: Scheduled check window has elapsed 
2017-01-23T18:05:49: StartupUtility : Window is Elapsed and going to launch PDApp.
2017-01-23T18:05:49: StartupUtility: Calling LaunchExecutable for exe  = /Library/Application Support/Adobe/OOBE/PDApp/UWA/AAM Updates Notifier.app/Contents/MacOS/AAM Updates Notifier
2017-01-23T18:05:50: <<< Adobe Updater Log End <<<


2017-01-25T18:05:32: >>> Adobe Updater Log Begin >>>
2017-01-25T18:05:32: Application Version: 2.0.0.22
2017-01-25T18:05:32: cmdline option: -logFile = /Users/P4/Library/Application Support/Adobe/AAMUpdater/1.0/aamul.log
2017-01-25T18:05:32: cmdline option: -logLevel = 2
2017-01-25T18:05:32: StartupUtility : Loaded at startup/logon.
2017-01-25T18:05:32: UCIsUpdaterEnabled : UpdaterIsEnabled.
2017-01-25T18:05:32: Scheduled check window has elapsed 
2017-01-25T18:05:32: StartupUtility : Window is Elapsed and going to launch PDApp.
2017-01-25T18:05:32: StartupUtility: Calling LaunchExecutable for exe  = /Library/Application Support/Adobe/OOBE/PDApp/UWA/AAM Updates Notifier.app/Contents/MacOS/AAM Updates Notifier
2017-01-25T18:05:32: <<< Adobe Updater Log End <<<


2017-01-30T19:29:01: >>> Adobe Updater Log Begin >>>
2017-01-30T19:29:01: Application Version: 2.0.0.22
2017-01-30T19:29:01: cmdline option: -logFile = /Users/P4/Library/Application Support/Adobe/AAMUpdater/1.0/aamul.log
2017-01-30T19:29:01: cmdline option: -logLevel = 2
2017-01-30T19:29:01: StartupUtility : Loaded at startup/logon.
2017-01-30T19:29:01: UCIsUpdaterEnabled : UpdaterIsEnabled.
2017-01-30T19:29:01: Scheduled check window has elapsed 
2017-01-30T19:29:01: StartupUtility : Window is Elapsed and going to launch PDApp.
2017-01-30T19:29:01: StartupUtility: Calling LaunchExecutable for exe  = /Library/Application Support/Adobe/OOBE/PDApp/UWA/AAM Updates Notifier.app/Contents/MacOS/AAM Updates Notifier
2017-01-30T19:29:01: <<< Adobe Updater Log End <<<


2017-02-01T18:06:16: >>> Adobe Updater Log Begin >>>
2017-02-01T18:06:16: Application Version: 2.0.0.22
2017-02-01T18:06:16: cmdline option: -logFile = /Users/P4/Library/Application Support/Adobe/AAMUpdater/1.0/aamul.log
2017-02-01T18:06:16: cmdline option: -logLevel = 2
2017-02-01T18:06:16: StartupUtility : Loaded at startup/logon.
2017-02-01T18:06:16: UCIsUpdaterEnabled : UpdaterIsEnabled.
2017-02-01T18:06:16: Scheduled check window has elapsed 
2017-02-01T18:06:16: StartupUtility : Window is Elapsed and going to launch PDApp.
2017-02-01T18:06:16: StartupUtility: Calling LaunchExecutable for exe  = /Library/Application Support/Adobe/OOBE/PDApp/UWA/AAM Updates Notifier.app/Contents/MacOS/AAM Updates Notifier
2017-02-01T18:06:16: <<< Adobe Updater Log End <<<


